[2025-11-26T13:19:25.922+0000] {manager.py:470} INFO - Processing files using up to 2 processes at a time 
[2025-11-26T13:19:25.923+0000] {manager.py:471} INFO - Process each file at most once every 30 seconds
[2025-11-26T13:19:25.924+0000] {manager.py:472} INFO - Checking for new files in /opt/airflow/dags every 300 seconds
[2025-11-26T13:19:25.925+0000] {manager.py:737} INFO - Searching for files in /opt/airflow/dags
[2025-11-26T13:19:25.944+0000] {manager.py:740} INFO - There are 0 files in /opt/airflow/dags
[2025-11-26T13:24:26.775+0000] {manager.py:737} INFO - Searching for files in /opt/airflow/dags
[2025-11-26T13:24:26.783+0000] {manager.py:740} INFO - There are 0 files in /opt/airflow/dags
[2025-11-26T13:29:07.864+0000] {manager.py:452} INFO - Exiting gracefully upon receiving signal 15
[2025-11-26T14:00:44.114+0000] {manager.py:470} INFO - Processing files using up to 2 processes at a time 
[2025-11-26T14:00:44.117+0000] {manager.py:471} INFO - Process each file at most once every 30 seconds
[2025-11-26T14:00:44.120+0000] {manager.py:472} INFO - Checking for new files in /opt/airflow/dags every 300 seconds
[2025-11-26T14:00:44.122+0000] {manager.py:737} INFO - Searching for files in /opt/airflow/dags
[2025-11-26T14:00:44.132+0000] {manager.py:740} INFO - There are 0 files in /opt/airflow/dags
[2025-11-26T14:05:44.384+0000] {manager.py:737} INFO - Searching for files in /opt/airflow/dags
[2025-11-26T14:05:44.393+0000] {manager.py:740} INFO - There are 0 files in /opt/airflow/dags
[2025-11-26T14:08:53.297+0000] {manager.py:452} INFO - Exiting gracefully upon receiving signal 15
[2025-11-26T14:09:29.976+0000] {manager.py:470} INFO - Processing files using up to 2 processes at a time 
[2025-11-26T14:09:29.977+0000] {manager.py:471} INFO - Process each file at most once every 30 seconds
[2025-11-26T14:09:29.978+0000] {manager.py:472} INFO - Checking for new files in /opt/airflow/dags every 300 seconds
[2025-11-26T14:09:29.979+0000] {manager.py:737} INFO - Searching for files in /opt/airflow/dags
[2025-11-26T14:09:29.985+0000] {manager.py:740} INFO - There are 0 files in /opt/airflow/dags
[2025-11-26T14:10:46.158+0000] {manager.py:452} INFO - Exiting gracefully upon receiving signal 15
[2025-11-26T14:11:19.448+0000] {manager.py:470} INFO - Processing files using up to 2 processes at a time 
[2025-11-26T14:11:19.449+0000] {manager.py:471} INFO - Process each file at most once every 30 seconds
[2025-11-26T14:11:19.450+0000] {manager.py:472} INFO - Checking for new files in /opt/airflow/dags every 300 seconds
[2025-11-26T14:11:19.451+0000] {manager.py:737} INFO - Searching for files in /opt/airflow/dags
[2025-11-26T14:11:19.461+0000] {manager.py:740} INFO - There are 0 files in /opt/airflow/dags
[2025-11-26T14:12:50.911+0000] {manager.py:452} INFO - Exiting gracefully upon receiving signal 15
[2025-11-26T14:28:55.797+0000] {manager.py:470} INFO - Processing files using up to 2 processes at a time 
[2025-11-26T14:28:55.798+0000] {manager.py:471} INFO - Process each file at most once every 30 seconds
[2025-11-26T14:28:55.798+0000] {manager.py:472} INFO - Checking for new files in /opt/airflow/dags every 300 seconds
[2025-11-26T14:28:55.799+0000] {manager.py:737} INFO - Searching for files in /opt/airflow/dags
[2025-11-26T14:28:55.806+0000] {manager.py:740} INFO - There are 0 files in /opt/airflow/dags
[2025-11-26T14:32:51.026+0000] {manager.py:452} INFO - Exiting gracefully upon receiving signal 15
[2025-11-26T14:33:27.567+0000] {manager.py:470} INFO - Processing files using up to 2 processes at a time 
[2025-11-26T14:33:27.568+0000] {manager.py:471} INFO - Process each file at most once every 30 seconds
[2025-11-26T14:33:27.569+0000] {manager.py:472} INFO - Checking for new files in /opt/airflow/dags every 300 seconds
[2025-11-26T14:33:27.570+0000] {manager.py:737} INFO - Searching for files in /opt/airflow/dags
[2025-11-26T14:33:27.578+0000] {manager.py:740} INFO - There are 0 files in /opt/airflow/dags
