[2025-12-04T12:48:53.722+0000] {local_task_job_runner.py:120} INFO - ::group::Pre task execution logs
[2025-12-04T12:48:53.739+0000] {taskinstance.py:2076} INFO - Dependencies all met for dep_context=non-requeueable deps ti=<TaskInstance: climate_etl.run_etl_scripts manual__2025-12-04T12:48:50.199491+00:00 [queued]>
[2025-12-04T12:48:53.744+0000] {taskinstance.py:2076} INFO - Dependencies all met for dep_context=requeueable deps ti=<TaskInstance: climate_etl.run_etl_scripts manual__2025-12-04T12:48:50.199491+00:00 [queued]>
[2025-12-04T12:48:53.745+0000] {taskinstance.py:2306} INFO - Starting attempt 1 of 1
[2025-12-04T12:48:53.761+0000] {taskinstance.py:2330} INFO - Executing <Task(BashOperator): run_etl_scripts> on 2025-12-04 12:48:50.199491+00:00
[2025-12-04T12:48:53.764+0000] {standard_task_runner.py:63} INFO - Started process 42 to run task
[2025-12-04T12:48:53.768+0000] {standard_task_runner.py:90} INFO - Running: ['airflow', 'tasks', 'run', 'climate_etl', 'run_etl_scripts', 'manual__2025-12-04T12:48:50.199491+00:00', '--job-id', '15', '--raw', '--subdir', 'DAGS_FOLDER/waste_etl_dag.py', '--cfg-path', '/tmp/tmpc2pr_rg2']
[2025-12-04T12:48:53.769+0000] {standard_task_runner.py:91} INFO - Job 15: Subtask run_etl_scripts
[2025-12-04T12:48:53.802+0000] {task_command.py:426} INFO - Running <TaskInstance: climate_etl.run_etl_scripts manual__2025-12-04T12:48:50.199491+00:00 [running]> on host 23e6dcf17b0b
[2025-12-04T12:48:53.869+0000] {taskinstance.py:2648} INFO - Exporting env vars: AIRFLOW_CTX_DAG_OWNER='adn' AIRFLOW_CTX_DAG_ID='climate_etl' AIRFLOW_CTX_TASK_ID='run_etl_scripts' AIRFLOW_CTX_EXECUTION_DATE='2025-12-04T12:48:50.199491+00:00' AIRFLOW_CTX_TRY_NUMBER='1' AIRFLOW_CTX_DAG_RUN_ID='manual__2025-12-04T12:48:50.199491+00:00'
[2025-12-04T12:48:53.869+0000] {taskinstance.py:430} INFO - ::endgroup::
[2025-12-04T12:48:53.891+0000] {subprocess.py:63} INFO - Tmp dir root location: /tmp
[2025-12-04T12:48:53.891+0000] {subprocess.py:75} INFO - Running command: ['/usr/bin/bash', '-c', 'cd /app && python src/etl_pipeline.py']
[2025-12-04T12:48:53.899+0000] {subprocess.py:86} INFO - Output:
[2025-12-04T12:48:55.397+0000] {subprocess.py:93} INFO - === MEMULAI ETL WASTE TRACKER ===
[2025-12-04T12:48:55.397+0000] {subprocess.py:93} INFO - Menggunakan SQLite: /app/data/climate_data.sqlite
[2025-12-04T12:48:55.398+0000] {subprocess.py:93} INFO - Tabel 'fact_sampah_harian' siap digunakan.
[2025-12-04T12:48:55.398+0000] {subprocess.py:93} INFO - 
[2025-12-04T12:48:55.398+0000] {subprocess.py:93} INFO - --- [1/2] PIPELINE JAKARTA ---
[2025-12-04T12:48:55.398+0000] {subprocess.py:93} INFO - Membaca: /app/raw_data/data_jakarta.csv
[2025-12-04T12:48:55.399+0000] {subprocess.py:93} INFO - --- Memulai Transformasi Data ---
[2025-12-04T12:48:55.399+0000] {subprocess.py:93} INFO - Info: Terdeteksi Format Bulanan (YYYYMM)
[2025-12-04T12:48:55.399+0000] {subprocess.py:93} INFO - --- Selesai. Data diringkas menjadi 105 baris ---
[2025-12-04T12:48:55.399+0000] {subprocess.py:93} INFO - Menggunakan SQLite: /app/data/climate_data.sqlite
[2025-12-04T12:48:55.399+0000] {subprocess.py:93} INFO - Menyimpan 105 baris ke tabel 'fact_sampah_harian'...
[2025-12-04T12:48:55.400+0000] {subprocess.py:93} INFO - SUKSES: Data berhasil masuk ke SQLite.
[2025-12-04T12:48:55.400+0000] {subprocess.py:93} INFO - 
[2025-12-04T12:48:55.400+0000] {subprocess.py:93} INFO - --- [2/2] PIPELINE KLHK ---
[2025-12-04T12:48:55.400+0000] {subprocess.py:93} INFO - Membaca: /app/raw_data/data_klhk.csv
[2025-12-04T12:48:55.400+0000] {subprocess.py:93} INFO - --- Memulai Transformasi Data ---
[2025-12-04T12:48:55.400+0000] {subprocess.py:93} INFO - Info: Terdeteksi Format Tahunan (YYYY)
[2025-12-04T12:48:55.401+0000] {subprocess.py:93} INFO - --- Selesai. Data diringkas menjadi 1682 baris ---
[2025-12-04T12:48:55.401+0000] {subprocess.py:93} INFO - Menggunakan SQLite: /app/data/climate_data.sqlite
[2025-12-04T12:48:55.401+0000] {subprocess.py:93} INFO - Menyimpan 1682 baris ke tabel 'fact_sampah_harian'...
[2025-12-04T12:48:55.401+0000] {subprocess.py:93} INFO - SUKSES: Data berhasil masuk ke SQLite.
[2025-12-04T12:48:55.401+0000] {subprocess.py:93} INFO - 
[2025-12-04T12:48:55.402+0000] {subprocess.py:93} INFO - === SEMUA PROSES SELESAI ===
[2025-12-04T12:48:55.477+0000] {subprocess.py:97} INFO - Command exited with return code 0
[2025-12-04T12:48:55.478+0000] {taskinstance.py:441} INFO - ::group::Post task execution logs
[2025-12-04T12:48:55.499+0000] {taskinstance.py:1206} INFO - Marking task as SUCCESS. dag_id=climate_etl, task_id=run_etl_scripts, run_id=manual__2025-12-04T12:48:50.199491+00:00, execution_date=20251204T124850, start_date=20251204T124853, end_date=20251204T124855
[2025-12-04T12:48:55.545+0000] {local_task_job_runner.py:240} INFO - Task exited with return code 0
[2025-12-04T12:48:55.555+0000] {taskinstance.py:3503} INFO - 0 downstream tasks scheduled from follow-on schedule check
[2025-12-04T12:48:55.556+0000] {local_task_job_runner.py:222} INFO - ::endgroup::
