[2025-12-05T05:51:10.540+0000] {local_task_job_runner.py:120} INFO - ::group::Pre task execution logs
[2025-12-05T05:51:10.571+0000] {taskinstance.py:2076} INFO - Dependencies all met for dep_context=non-requeueable deps ti=<TaskInstance: climate_etl.run_etl_scripts scheduled__2025-12-04T00:00:00+00:00 [queued]>
[2025-12-05T05:51:10.577+0000] {taskinstance.py:2076} INFO - Dependencies all met for dep_context=requeueable deps ti=<TaskInstance: climate_etl.run_etl_scripts scheduled__2025-12-04T00:00:00+00:00 [queued]>
[2025-12-05T05:51:10.578+0000] {taskinstance.py:2306} INFO - Starting attempt 1 of 1
[2025-12-05T05:51:10.605+0000] {taskinstance.py:2330} INFO - Executing <Task(BashOperator): run_etl_scripts> on 2025-12-04 00:00:00+00:00
[2025-12-05T05:51:10.610+0000] {standard_task_runner.py:63} INFO - Started process 42 to run task
[2025-12-05T05:51:10.615+0000] {standard_task_runner.py:90} INFO - Running: ['airflow', 'tasks', 'run', 'climate_etl', 'run_etl_scripts', 'scheduled__2025-12-04T00:00:00+00:00', '--job-id', '18', '--raw', '--subdir', 'DAGS_FOLDER/waste_etl_dag.py', '--cfg-path', '/tmp/tmp57pjboz8']
[2025-12-05T05:51:10.618+0000] {standard_task_runner.py:91} INFO - Job 18: Subtask run_etl_scripts
[2025-12-05T05:51:10.673+0000] {task_command.py:426} INFO - Running <TaskInstance: climate_etl.run_etl_scripts scheduled__2025-12-04T00:00:00+00:00 [running]> on host 995b5e274a96
[2025-12-05T05:51:10.765+0000] {taskinstance.py:2648} INFO - Exporting env vars: AIRFLOW_CTX_DAG_OWNER='adn' AIRFLOW_CTX_DAG_ID='climate_etl' AIRFLOW_CTX_TASK_ID='run_etl_scripts' AIRFLOW_CTX_EXECUTION_DATE='2025-12-04T00:00:00+00:00' AIRFLOW_CTX_TRY_NUMBER='1' AIRFLOW_CTX_DAG_RUN_ID='scheduled__2025-12-04T00:00:00+00:00'
[2025-12-05T05:51:10.769+0000] {taskinstance.py:430} INFO - ::endgroup::
[2025-12-05T05:51:10.815+0000] {subprocess.py:63} INFO - Tmp dir root location: /tmp
[2025-12-05T05:51:10.816+0000] {subprocess.py:75} INFO - Running command: ['/usr/bin/bash', '-c', 'cd /app && python src/etl_pipeline.py']
[2025-12-05T05:51:10.828+0000] {subprocess.py:86} INFO - Output:
[2025-12-05T05:51:13.722+0000] {subprocess.py:93} INFO - === MEMULAI ETL WASTE TRACKER ===
[2025-12-05T05:51:13.724+0000] {subprocess.py:93} INFO - Menggunakan SQLite: /app/data/climate_data.sqlite
[2025-12-05T05:51:13.724+0000] {subprocess.py:93} INFO - Tabel 'fact_sampah_harian' siap digunakan.
[2025-12-05T05:51:13.724+0000] {subprocess.py:93} INFO - 
[2025-12-05T05:51:13.725+0000] {subprocess.py:93} INFO - --- [1/2] PIPELINE JAKARTA ---
[2025-12-05T05:51:13.725+0000] {subprocess.py:93} INFO - Membaca: /app/raw_data/data_jakarta.csv
[2025-12-05T05:51:13.726+0000] {subprocess.py:93} INFO - --- Memulai Transformasi Data ---
[2025-12-05T05:51:13.727+0000] {subprocess.py:93} INFO - Info: Terdeteksi Format Bulanan (YYYYMM)
[2025-12-05T05:51:13.728+0000] {subprocess.py:93} INFO - --- Selesai. Data diringkas menjadi 105 baris ---
[2025-12-05T05:51:13.729+0000] {subprocess.py:93} INFO - Menggunakan SQLite: /app/data/climate_data.sqlite
[2025-12-05T05:51:13.730+0000] {subprocess.py:93} INFO - Menyimpan 105 baris ke tabel 'fact_sampah_harian'...
[2025-12-05T05:51:13.730+0000] {subprocess.py:93} INFO - SUKSES: Data berhasil masuk ke SQLite.
[2025-12-05T05:51:13.731+0000] {subprocess.py:93} INFO - 
[2025-12-05T05:51:13.732+0000] {subprocess.py:93} INFO - --- [2/2] PIPELINE KLHK ---
[2025-12-05T05:51:13.732+0000] {subprocess.py:93} INFO - Membaca: /app/raw_data/data_klhk.csv
[2025-12-05T05:51:13.733+0000] {subprocess.py:93} INFO - --- Memulai Transformasi Data ---
[2025-12-05T05:51:13.733+0000] {subprocess.py:93} INFO - Info: Terdeteksi Format Tahunan (YYYY)
[2025-12-05T05:51:13.734+0000] {subprocess.py:93} INFO - --- Selesai. Data diringkas menjadi 1682 baris ---
[2025-12-05T05:51:13.734+0000] {subprocess.py:93} INFO - Menggunakan SQLite: /app/data/climate_data.sqlite
[2025-12-05T05:51:13.735+0000] {subprocess.py:93} INFO - Menyimpan 1682 baris ke tabel 'fact_sampah_harian'...
[2025-12-05T05:51:13.735+0000] {subprocess.py:93} INFO - SUKSES: Data berhasil masuk ke SQLite.
[2025-12-05T05:51:13.735+0000] {subprocess.py:93} INFO - 
[2025-12-05T05:51:13.736+0000] {subprocess.py:93} INFO - === SEMUA PROSES SELESAI ===
[2025-12-05T05:51:13.857+0000] {subprocess.py:97} INFO - Command exited with return code 0
[2025-12-05T05:51:13.858+0000] {taskinstance.py:441} INFO - ::group::Post task execution logs
[2025-12-05T05:51:13.906+0000] {taskinstance.py:1206} INFO - Marking task as SUCCESS. dag_id=climate_etl, task_id=run_etl_scripts, run_id=scheduled__2025-12-04T00:00:00+00:00, execution_date=20251204T000000, start_date=20251205T055110, end_date=20251205T055113
[2025-12-05T05:51:13.963+0000] {local_task_job_runner.py:240} INFO - Task exited with return code 0
[2025-12-05T05:51:13.993+0000] {taskinstance.py:3503} INFO - 0 downstream tasks scheduled from follow-on schedule check
[2025-12-05T05:51:13.994+0000] {local_task_job_runner.py:222} INFO - ::endgroup::
