[2025-11-26T14:37:16.049+0000] {processor.py:161} INFO - Started process (PID=174) to work on /opt/airflow/dags/waste_etl_dag.py
[2025-11-26T14:37:16.050+0000] {processor.py:830} INFO - Processing file /opt/airflow/dags/waste_etl_dag.py for tasks to queue
[2025-11-26T14:37:16.051+0000] {logging_mixin.py:188} INFO - [2025-11-26T14:37:16.051+0000] {dagbag.py:545} INFO - Filling up the DagBag from /opt/airflow/dags/waste_etl_dag.py
[2025-11-26T14:37:16.081+0000] {processor.py:840} INFO - DAG(s) 'waste_etl_dag' retrieved from /opt/airflow/dags/waste_etl_dag.py
[2025-11-26T14:37:16.302+0000] {logging_mixin.py:188} INFO - [2025-11-26T14:37:16.301+0000] {override.py:1829} INFO - Created Permission View: can read on DAG:waste_etl_dag
[2025-11-26T14:37:16.310+0000] {logging_mixin.py:188} INFO - [2025-11-26T14:37:16.310+0000] {override.py:1829} INFO - Created Permission View: can edit on DAG:waste_etl_dag
[2025-11-26T14:37:16.316+0000] {logging_mixin.py:188} INFO - [2025-11-26T14:37:16.316+0000] {override.py:1829} INFO - Created Permission View: can delete on DAG:waste_etl_dag
[2025-11-26T14:37:16.316+0000] {logging_mixin.py:188} INFO - [2025-11-26T14:37:16.316+0000] {dag.py:3096} INFO - Sync 1 DAGs
[2025-11-26T14:37:16.325+0000] {logging_mixin.py:188} INFO - [2025-11-26T14:37:16.325+0000] {dag.py:3118} INFO - Creating ORM DAG for waste_etl_dag
[2025-11-26T14:37:16.326+0000] {logging_mixin.py:188} INFO - [2025-11-26T14:37:16.326+0000] {dag.py:3954} INFO - Setting next_dagrun for waste_etl_dag to None, run_after=None
[2025-11-26T14:37:16.340+0000] {processor.py:183} INFO - Processing /opt/airflow/dags/waste_etl_dag.py took 0.295 seconds
[2025-11-26T14:37:46.417+0000] {processor.py:161} INFO - Started process (PID=193) to work on /opt/airflow/dags/waste_etl_dag.py
[2025-11-26T14:37:46.418+0000] {processor.py:830} INFO - Processing file /opt/airflow/dags/waste_etl_dag.py for tasks to queue
[2025-11-26T14:37:46.420+0000] {logging_mixin.py:188} INFO - [2025-11-26T14:37:46.419+0000] {dagbag.py:545} INFO - Filling up the DagBag from /opt/airflow/dags/waste_etl_dag.py
[2025-11-26T14:37:46.439+0000] {processor.py:840} INFO - DAG(s) 'waste_etl_dag' retrieved from /opt/airflow/dags/waste_etl_dag.py
[2025-11-26T14:37:46.472+0000] {logging_mixin.py:188} INFO - [2025-11-26T14:37:46.472+0000] {dag.py:3096} INFO - Sync 1 DAGs
[2025-11-26T14:37:46.486+0000] {logging_mixin.py:188} INFO - [2025-11-26T14:37:46.486+0000] {dag.py:3954} INFO - Setting next_dagrun for waste_etl_dag to None, run_after=None
[2025-11-26T14:37:46.507+0000] {processor.py:183} INFO - Processing /opt/airflow/dags/waste_etl_dag.py took 0.096 seconds
[2025-11-26T14:38:16.594+0000] {processor.py:161} INFO - Started process (PID=198) to work on /opt/airflow/dags/waste_etl_dag.py
[2025-11-26T14:38:16.595+0000] {processor.py:830} INFO - Processing file /opt/airflow/dags/waste_etl_dag.py for tasks to queue
[2025-11-26T14:38:16.597+0000] {logging_mixin.py:188} INFO - [2025-11-26T14:38:16.596+0000] {dagbag.py:545} INFO - Filling up the DagBag from /opt/airflow/dags/waste_etl_dag.py
[2025-11-26T14:38:16.611+0000] {processor.py:840} INFO - DAG(s) 'waste_etl_dag' retrieved from /opt/airflow/dags/waste_etl_dag.py
[2025-11-26T14:38:16.640+0000] {logging_mixin.py:188} INFO - [2025-11-26T14:38:16.640+0000] {dag.py:3096} INFO - Sync 1 DAGs
[2025-11-26T14:38:16.655+0000] {logging_mixin.py:188} INFO - [2025-11-26T14:38:16.654+0000] {dag.py:3954} INFO - Setting next_dagrun for waste_etl_dag to None, run_after=None
[2025-11-26T14:38:16.672+0000] {processor.py:183} INFO - Processing /opt/airflow/dags/waste_etl_dag.py took 0.083 seconds
[2025-11-26T14:38:46.789+0000] {processor.py:161} INFO - Started process (PID=203) to work on /opt/airflow/dags/waste_etl_dag.py
[2025-11-26T14:38:46.790+0000] {processor.py:830} INFO - Processing file /opt/airflow/dags/waste_etl_dag.py for tasks to queue
[2025-11-26T14:38:46.792+0000] {logging_mixin.py:188} INFO - [2025-11-26T14:38:46.792+0000] {dagbag.py:545} INFO - Filling up the DagBag from /opt/airflow/dags/waste_etl_dag.py
[2025-11-26T14:38:46.809+0000] {processor.py:840} INFO - DAG(s) 'waste_etl_dag' retrieved from /opt/airflow/dags/waste_etl_dag.py
[2025-11-26T14:38:46.843+0000] {logging_mixin.py:188} INFO - [2025-11-26T14:38:46.843+0000] {dag.py:3096} INFO - Sync 1 DAGs
[2025-11-26T14:38:46.854+0000] {logging_mixin.py:188} INFO - [2025-11-26T14:38:46.854+0000] {dag.py:3954} INFO - Setting next_dagrun for waste_etl_dag to None, run_after=None
[2025-11-26T14:38:46.874+0000] {processor.py:183} INFO - Processing /opt/airflow/dags/waste_etl_dag.py took 0.091 seconds
[2025-11-26T14:39:17.037+0000] {processor.py:161} INFO - Started process (PID=208) to work on /opt/airflow/dags/waste_etl_dag.py
[2025-11-26T14:39:17.038+0000] {processor.py:830} INFO - Processing file /opt/airflow/dags/waste_etl_dag.py for tasks to queue
[2025-11-26T14:39:17.039+0000] {logging_mixin.py:188} INFO - [2025-11-26T14:39:17.039+0000] {dagbag.py:545} INFO - Filling up the DagBag from /opt/airflow/dags/waste_etl_dag.py
[2025-11-26T14:39:17.052+0000] {processor.py:840} INFO - DAG(s) 'waste_etl_dag' retrieved from /opt/airflow/dags/waste_etl_dag.py
[2025-11-26T14:39:17.075+0000] {logging_mixin.py:188} INFO - [2025-11-26T14:39:17.074+0000] {dag.py:3096} INFO - Sync 1 DAGs
[2025-11-26T14:39:17.084+0000] {logging_mixin.py:188} INFO - [2025-11-26T14:39:17.083+0000] {dag.py:3954} INFO - Setting next_dagrun for waste_etl_dag to None, run_after=None
[2025-11-26T14:39:17.097+0000] {processor.py:183} INFO - Processing /opt/airflow/dags/waste_etl_dag.py took 0.064 seconds
[2025-11-26T14:39:47.830+0000] {processor.py:161} INFO - Started process (PID=213) to work on /opt/airflow/dags/waste_etl_dag.py
[2025-11-26T14:39:47.831+0000] {processor.py:830} INFO - Processing file /opt/airflow/dags/waste_etl_dag.py for tasks to queue
[2025-11-26T14:39:47.833+0000] {logging_mixin.py:188} INFO - [2025-11-26T14:39:47.833+0000] {dagbag.py:545} INFO - Filling up the DagBag from /opt/airflow/dags/waste_etl_dag.py
[2025-11-26T14:39:47.850+0000] {processor.py:840} INFO - DAG(s) 'waste_etl_dag' retrieved from /opt/airflow/dags/waste_etl_dag.py
[2025-11-26T14:39:47.878+0000] {logging_mixin.py:188} INFO - [2025-11-26T14:39:47.878+0000] {dag.py:3096} INFO - Sync 1 DAGs
[2025-11-26T14:39:47.888+0000] {logging_mixin.py:188} INFO - [2025-11-26T14:39:47.888+0000] {dag.py:3954} INFO - Setting next_dagrun for waste_etl_dag to None, run_after=None
[2025-11-26T14:39:47.906+0000] {processor.py:183} INFO - Processing /opt/airflow/dags/waste_etl_dag.py took 0.081 seconds
[2025-11-26T14:40:18.022+0000] {processor.py:161} INFO - Started process (PID=218) to work on /opt/airflow/dags/waste_etl_dag.py
[2025-11-26T14:40:18.023+0000] {processor.py:830} INFO - Processing file /opt/airflow/dags/waste_etl_dag.py for tasks to queue
[2025-11-26T14:40:18.024+0000] {logging_mixin.py:188} INFO - [2025-11-26T14:40:18.024+0000] {dagbag.py:545} INFO - Filling up the DagBag from /opt/airflow/dags/waste_etl_dag.py
[2025-11-26T14:40:18.039+0000] {processor.py:840} INFO - DAG(s) 'waste_etl_dag' retrieved from /opt/airflow/dags/waste_etl_dag.py
[2025-11-26T14:40:18.065+0000] {logging_mixin.py:188} INFO - [2025-11-26T14:40:18.065+0000] {dag.py:3096} INFO - Sync 1 DAGs
[2025-11-26T14:40:18.075+0000] {logging_mixin.py:188} INFO - [2025-11-26T14:40:18.075+0000] {dag.py:3954} INFO - Setting next_dagrun for waste_etl_dag to None, run_after=None
[2025-11-26T14:40:18.091+0000] {processor.py:183} INFO - Processing /opt/airflow/dags/waste_etl_dag.py took 0.073 seconds
[2025-11-26T14:40:48.231+0000] {processor.py:161} INFO - Started process (PID=223) to work on /opt/airflow/dags/waste_etl_dag.py
[2025-11-26T14:40:48.232+0000] {processor.py:830} INFO - Processing file /opt/airflow/dags/waste_etl_dag.py for tasks to queue
[2025-11-26T14:40:48.233+0000] {logging_mixin.py:188} INFO - [2025-11-26T14:40:48.233+0000] {dagbag.py:545} INFO - Filling up the DagBag from /opt/airflow/dags/waste_etl_dag.py
[2025-11-26T14:40:48.247+0000] {processor.py:840} INFO - DAG(s) 'waste_etl_dag' retrieved from /opt/airflow/dags/waste_etl_dag.py
[2025-11-26T14:40:48.272+0000] {logging_mixin.py:188} INFO - [2025-11-26T14:40:48.272+0000] {dag.py:3096} INFO - Sync 1 DAGs
[2025-11-26T14:40:48.281+0000] {logging_mixin.py:188} INFO - [2025-11-26T14:40:48.281+0000] {dag.py:3954} INFO - Setting next_dagrun for waste_etl_dag to None, run_after=None
[2025-11-26T14:40:48.297+0000] {processor.py:183} INFO - Processing /opt/airflow/dags/waste_etl_dag.py took 0.070 seconds
[2025-11-26T14:41:20.517+0000] {processor.py:161} INFO - Started process (PID=228) to work on /opt/airflow/dags/waste_etl_dag.py
[2025-11-26T14:41:20.518+0000] {processor.py:830} INFO - Processing file /opt/airflow/dags/waste_etl_dag.py for tasks to queue
[2025-11-26T14:41:20.519+0000] {logging_mixin.py:188} INFO - [2025-11-26T14:41:20.519+0000] {dagbag.py:545} INFO - Filling up the DagBag from /opt/airflow/dags/waste_etl_dag.py
[2025-11-26T14:41:20.532+0000] {processor.py:840} INFO - DAG(s) 'waste_etl_dag' retrieved from /opt/airflow/dags/waste_etl_dag.py
[2025-11-26T14:41:20.562+0000] {logging_mixin.py:188} INFO - [2025-11-26T14:41:20.561+0000] {dag.py:3096} INFO - Sync 1 DAGs
[2025-11-26T14:41:20.573+0000] {logging_mixin.py:188} INFO - [2025-11-26T14:41:20.572+0000] {dag.py:3954} INFO - Setting next_dagrun for waste_etl_dag to None, run_after=None
[2025-11-26T14:41:20.590+0000] {processor.py:183} INFO - Processing /opt/airflow/dags/waste_etl_dag.py took 0.078 seconds
[2025-11-26T14:41:52.776+0000] {processor.py:161} INFO - Started process (PID=233) to work on /opt/airflow/dags/waste_etl_dag.py
[2025-11-26T14:41:52.777+0000] {processor.py:830} INFO - Processing file /opt/airflow/dags/waste_etl_dag.py for tasks to queue
[2025-11-26T14:41:52.778+0000] {logging_mixin.py:188} INFO - [2025-11-26T14:41:52.778+0000] {dagbag.py:545} INFO - Filling up the DagBag from /opt/airflow/dags/waste_etl_dag.py
[2025-11-26T14:41:52.791+0000] {processor.py:840} INFO - DAG(s) 'waste_etl_dag' retrieved from /opt/airflow/dags/waste_etl_dag.py
[2025-11-26T14:41:52.818+0000] {logging_mixin.py:188} INFO - [2025-11-26T14:41:52.818+0000] {dag.py:3096} INFO - Sync 1 DAGs
[2025-11-26T14:41:52.828+0000] {logging_mixin.py:188} INFO - [2025-11-26T14:41:52.828+0000] {dag.py:3954} INFO - Setting next_dagrun for waste_etl_dag to None, run_after=None
[2025-11-26T14:41:52.845+0000] {processor.py:183} INFO - Processing /opt/airflow/dags/waste_etl_dag.py took 0.074 seconds
[2025-11-26T14:42:25.053+0000] {processor.py:161} INFO - Started process (PID=238) to work on /opt/airflow/dags/waste_etl_dag.py
[2025-11-26T14:42:25.054+0000] {processor.py:830} INFO - Processing file /opt/airflow/dags/waste_etl_dag.py for tasks to queue
[2025-11-26T14:42:25.056+0000] {logging_mixin.py:188} INFO - [2025-11-26T14:42:25.055+0000] {dagbag.py:545} INFO - Filling up the DagBag from /opt/airflow/dags/waste_etl_dag.py
[2025-11-26T14:42:25.069+0000] {processor.py:840} INFO - DAG(s) 'waste_etl_dag' retrieved from /opt/airflow/dags/waste_etl_dag.py
[2025-11-26T14:42:25.096+0000] {logging_mixin.py:188} INFO - [2025-11-26T14:42:25.096+0000] {dag.py:3096} INFO - Sync 1 DAGs
[2025-11-26T14:42:25.107+0000] {logging_mixin.py:188} INFO - [2025-11-26T14:42:25.107+0000] {dag.py:3954} INFO - Setting next_dagrun for waste_etl_dag to None, run_after=None
[2025-11-26T14:42:25.124+0000] {processor.py:183} INFO - Processing /opt/airflow/dags/waste_etl_dag.py took 0.074 seconds
[2025-11-26T14:42:57.286+0000] {processor.py:161} INFO - Started process (PID=243) to work on /opt/airflow/dags/waste_etl_dag.py
[2025-11-26T14:42:57.287+0000] {processor.py:830} INFO - Processing file /opt/airflow/dags/waste_etl_dag.py for tasks to queue
[2025-11-26T14:42:57.289+0000] {logging_mixin.py:188} INFO - [2025-11-26T14:42:57.288+0000] {dagbag.py:545} INFO - Filling up the DagBag from /opt/airflow/dags/waste_etl_dag.py
[2025-11-26T14:42:57.302+0000] {processor.py:840} INFO - DAG(s) 'waste_etl_dag' retrieved from /opt/airflow/dags/waste_etl_dag.py
[2025-11-26T14:42:57.328+0000] {logging_mixin.py:188} INFO - [2025-11-26T14:42:57.327+0000] {dag.py:3096} INFO - Sync 1 DAGs
[2025-11-26T14:42:57.337+0000] {logging_mixin.py:188} INFO - [2025-11-26T14:42:57.337+0000] {dag.py:3954} INFO - Setting next_dagrun for waste_etl_dag to None, run_after=None
[2025-11-26T14:42:57.353+0000] {processor.py:183} INFO - Processing /opt/airflow/dags/waste_etl_dag.py took 0.071 seconds
[2025-11-26T14:43:28.641+0000] {processor.py:161} INFO - Started process (PID=248) to work on /opt/airflow/dags/waste_etl_dag.py
[2025-11-26T14:43:28.641+0000] {processor.py:830} INFO - Processing file /opt/airflow/dags/waste_etl_dag.py for tasks to queue
[2025-11-26T14:43:28.643+0000] {logging_mixin.py:188} INFO - [2025-11-26T14:43:28.642+0000] {dagbag.py:545} INFO - Filling up the DagBag from /opt/airflow/dags/waste_etl_dag.py
[2025-11-26T14:43:28.655+0000] {processor.py:840} INFO - DAG(s) 'waste_etl_dag' retrieved from /opt/airflow/dags/waste_etl_dag.py
[2025-11-26T14:43:28.679+0000] {logging_mixin.py:188} INFO - [2025-11-26T14:43:28.678+0000] {dag.py:3096} INFO - Sync 1 DAGs
[2025-11-26T14:43:28.687+0000] {logging_mixin.py:188} INFO - [2025-11-26T14:43:28.687+0000] {dag.py:3954} INFO - Setting next_dagrun for waste_etl_dag to None, run_after=None
[2025-11-26T14:43:28.702+0000] {processor.py:183} INFO - Processing /opt/airflow/dags/waste_etl_dag.py took 0.066 seconds
[2025-11-26T14:44:00.926+0000] {processor.py:161} INFO - Started process (PID=253) to work on /opt/airflow/dags/waste_etl_dag.py
[2025-11-26T14:44:00.927+0000] {processor.py:830} INFO - Processing file /opt/airflow/dags/waste_etl_dag.py for tasks to queue
[2025-11-26T14:44:00.929+0000] {logging_mixin.py:188} INFO - [2025-11-26T14:44:00.928+0000] {dagbag.py:545} INFO - Filling up the DagBag from /opt/airflow/dags/waste_etl_dag.py
[2025-11-26T14:44:00.941+0000] {processor.py:840} INFO - DAG(s) 'waste_etl_dag' retrieved from /opt/airflow/dags/waste_etl_dag.py
[2025-11-26T14:44:00.965+0000] {logging_mixin.py:188} INFO - [2025-11-26T14:44:00.965+0000] {dag.py:3096} INFO - Sync 1 DAGs
[2025-11-26T14:44:00.974+0000] {logging_mixin.py:188} INFO - [2025-11-26T14:44:00.974+0000] {dag.py:3954} INFO - Setting next_dagrun for waste_etl_dag to None, run_after=None
[2025-11-26T14:44:00.991+0000] {processor.py:183} INFO - Processing /opt/airflow/dags/waste_etl_dag.py took 0.068 seconds
[2025-11-26T14:44:33.188+0000] {processor.py:161} INFO - Started process (PID=258) to work on /opt/airflow/dags/waste_etl_dag.py
[2025-11-26T14:44:33.188+0000] {processor.py:830} INFO - Processing file /opt/airflow/dags/waste_etl_dag.py for tasks to queue
[2025-11-26T14:44:33.190+0000] {logging_mixin.py:188} INFO - [2025-11-26T14:44:33.189+0000] {dagbag.py:545} INFO - Filling up the DagBag from /opt/airflow/dags/waste_etl_dag.py
[2025-11-26T14:44:33.204+0000] {processor.py:840} INFO - DAG(s) 'waste_etl_dag' retrieved from /opt/airflow/dags/waste_etl_dag.py
[2025-11-26T14:44:33.232+0000] {logging_mixin.py:188} INFO - [2025-11-26T14:44:33.231+0000] {dag.py:3096} INFO - Sync 1 DAGs
[2025-11-26T14:44:33.242+0000] {logging_mixin.py:188} INFO - [2025-11-26T14:44:33.242+0000] {dag.py:3954} INFO - Setting next_dagrun for waste_etl_dag to None, run_after=None
[2025-11-26T14:44:33.260+0000] {processor.py:183} INFO - Processing /opt/airflow/dags/waste_etl_dag.py took 0.076 seconds
[2025-11-26T14:45:05.424+0000] {processor.py:161} INFO - Started process (PID=263) to work on /opt/airflow/dags/waste_etl_dag.py
[2025-11-26T14:45:05.424+0000] {processor.py:830} INFO - Processing file /opt/airflow/dags/waste_etl_dag.py for tasks to queue
[2025-11-26T14:45:05.425+0000] {logging_mixin.py:188} INFO - [2025-11-26T14:45:05.425+0000] {dagbag.py:545} INFO - Filling up the DagBag from /opt/airflow/dags/waste_etl_dag.py
[2025-11-26T14:45:05.438+0000] {processor.py:840} INFO - DAG(s) 'waste_etl_dag' retrieved from /opt/airflow/dags/waste_etl_dag.py
[2025-11-26T14:45:05.462+0000] {logging_mixin.py:188} INFO - [2025-11-26T14:45:05.461+0000] {dag.py:3096} INFO - Sync 1 DAGs
[2025-11-26T14:45:05.470+0000] {logging_mixin.py:188} INFO - [2025-11-26T14:45:05.470+0000] {dag.py:3954} INFO - Setting next_dagrun for waste_etl_dag to None, run_after=None
[2025-11-26T14:45:05.485+0000] {processor.py:183} INFO - Processing /opt/airflow/dags/waste_etl_dag.py took 0.065 seconds
[2025-11-26T14:45:37.870+0000] {processor.py:161} INFO - Started process (PID=268) to work on /opt/airflow/dags/waste_etl_dag.py
[2025-11-26T14:45:37.870+0000] {processor.py:830} INFO - Processing file /opt/airflow/dags/waste_etl_dag.py for tasks to queue
[2025-11-26T14:45:37.872+0000] {logging_mixin.py:188} INFO - [2025-11-26T14:45:37.872+0000] {dagbag.py:545} INFO - Filling up the DagBag from /opt/airflow/dags/waste_etl_dag.py
[2025-11-26T14:45:37.886+0000] {processor.py:840} INFO - DAG(s) 'waste_etl_dag' retrieved from /opt/airflow/dags/waste_etl_dag.py
[2025-11-26T14:45:37.911+0000] {logging_mixin.py:188} INFO - [2025-11-26T14:45:37.911+0000] {dag.py:3096} INFO - Sync 1 DAGs
[2025-11-26T14:45:37.921+0000] {logging_mixin.py:188} INFO - [2025-11-26T14:45:37.921+0000] {dag.py:3954} INFO - Setting next_dagrun for waste_etl_dag to None, run_after=None
[2025-11-26T14:45:37.938+0000] {processor.py:183} INFO - Processing /opt/airflow/dags/waste_etl_dag.py took 0.072 seconds
