[2025-12-04T12:36:59.713+0000] {local_task_job_runner.py:120} INFO - ::group::Pre task execution logs
[2025-12-04T12:36:59.734+0000] {taskinstance.py:2076} INFO - Dependencies all met for dep_context=non-requeueable deps ti=<TaskInstance: climate_etl.run_etl_scripts manual__2025-12-04T12:36:56.644600+00:00 [queued]>
[2025-12-04T12:36:59.740+0000] {taskinstance.py:2076} INFO - Dependencies all met for dep_context=requeueable deps ti=<TaskInstance: climate_etl.run_etl_scripts manual__2025-12-04T12:36:56.644600+00:00 [queued]>
[2025-12-04T12:36:59.740+0000] {taskinstance.py:2306} INFO - Starting attempt 1 of 1
[2025-12-04T12:36:59.761+0000] {taskinstance.py:2330} INFO - Executing <Task(BashOperator): run_etl_scripts> on 2025-12-04 12:36:56.644600+00:00
[2025-12-04T12:36:59.767+0000] {standard_task_runner.py:63} INFO - Started process 44 to run task
[2025-12-04T12:36:59.772+0000] {standard_task_runner.py:90} INFO - Running: ['airflow', 'tasks', 'run', 'climate_etl', 'run_etl_scripts', 'manual__2025-12-04T12:36:56.644600+00:00', '--job-id', '11', '--raw', '--subdir', 'DAGS_FOLDER/waste_etl_dag.py', '--cfg-path', '/tmp/tmplk0wp2lb']
[2025-12-04T12:36:59.775+0000] {standard_task_runner.py:91} INFO - Job 11: Subtask run_etl_scripts
[2025-12-04T12:36:59.827+0000] {task_command.py:426} INFO - Running <TaskInstance: climate_etl.run_etl_scripts manual__2025-12-04T12:36:56.644600+00:00 [running]> on host 17213dde406b
[2025-12-04T12:36:59.954+0000] {taskinstance.py:2648} INFO - Exporting env vars: AIRFLOW_CTX_DAG_OWNER='adn' AIRFLOW_CTX_DAG_ID='climate_etl' AIRFLOW_CTX_TASK_ID='run_etl_scripts' AIRFLOW_CTX_EXECUTION_DATE='2025-12-04T12:36:56.644600+00:00' AIRFLOW_CTX_TRY_NUMBER='1' AIRFLOW_CTX_DAG_RUN_ID='manual__2025-12-04T12:36:56.644600+00:00'
[2025-12-04T12:36:59.955+0000] {taskinstance.py:430} INFO - ::endgroup::
[2025-12-04T12:36:59.990+0000] {subprocess.py:63} INFO - Tmp dir root location: /tmp
[2025-12-04T12:36:59.991+0000] {subprocess.py:75} INFO - Running command: ['/usr/bin/bash', '-c', 'cd /app && python src/etl_pipeline.py']
[2025-12-04T12:37:00.001+0000] {subprocess.py:86} INFO - Output:
[2025-12-04T12:37:01.458+0000] {subprocess.py:93} INFO - Traceback (most recent call last):
[2025-12-04T12:37:01.458+0000] {subprocess.py:93} INFO -   File "/app/src/etl_pipeline.py", line 7, in <module>
[2025-12-04T12:37:01.460+0000] {subprocess.py:93} INFO -     from src.agregasi import process_waste_data
[2025-12-04T12:37:01.460+0000] {subprocess.py:93} INFO - ModuleNotFoundError: No module named 'src'
[2025-12-04T12:37:01.531+0000] {subprocess.py:97} INFO - Command exited with return code 1
[2025-12-04T12:37:01.532+0000] {taskinstance.py:441} INFO - ::group::Post task execution logs
[2025-12-04T12:37:01.537+0000] {taskinstance.py:2905} ERROR - Task failed with exception
Traceback (most recent call last):
  File "/home/airflow/.local/lib/python3.10/site-packages/airflow/models/taskinstance.py", line 465, in _execute_task
    result = _execute_callable(context=context, **execute_callable_kwargs)
  File "/home/airflow/.local/lib/python3.10/site-packages/airflow/models/taskinstance.py", line 432, in _execute_callable
    return execute_callable(context=context, **execute_callable_kwargs)
  File "/home/airflow/.local/lib/python3.10/site-packages/airflow/models/baseoperator.py", line 401, in wrapper
    return func(self, *args, **kwargs)
  File "/home/airflow/.local/lib/python3.10/site-packages/airflow/operators/bash.py", line 243, in execute
    raise AirflowException(
airflow.exceptions.AirflowException: Bash command failed. The command returned a non-zero exit code 1.
[2025-12-04T12:37:01.540+0000] {taskinstance.py:1206} INFO - Marking task as FAILED. dag_id=climate_etl, task_id=run_etl_scripts, run_id=manual__2025-12-04T12:36:56.644600+00:00, execution_date=20251204T123656, start_date=20251204T123659, end_date=20251204T123701
[2025-12-04T12:37:01.558+0000] {standard_task_runner.py:110} ERROR - Failed to execute job 11 for task run_etl_scripts (Bash command failed. The command returned a non-zero exit code 1.; 44)
[2025-12-04T12:37:01.589+0000] {local_task_job_runner.py:240} INFO - Task exited with return code 1
[2025-12-04T12:37:01.598+0000] {taskinstance.py:3503} INFO - 0 downstream tasks scheduled from follow-on schedule check
[2025-12-04T12:37:01.599+0000] {local_task_job_runner.py:222} INFO - ::endgroup::
