[2025-12-05T06:13:18.798+0000] {local_task_job_runner.py:120} INFO - ::group::Pre task execution logs
[2025-12-05T06:13:18.829+0000] {taskinstance.py:2076} INFO - Dependencies all met for dep_context=non-requeueable deps ti=<TaskInstance: climate_etl.run_etl_scripts manual__2025-12-05T06:13:14.081452+00:00 [queued]>
[2025-12-05T06:13:18.834+0000] {taskinstance.py:2076} INFO - Dependencies all met for dep_context=requeueable deps ti=<TaskInstance: climate_etl.run_etl_scripts manual__2025-12-05T06:13:14.081452+00:00 [queued]>
[2025-12-05T06:13:18.836+0000] {taskinstance.py:2306} INFO - Starting attempt 1 of 1
[2025-12-05T06:13:18.857+0000] {taskinstance.py:2330} INFO - Executing <Task(BashOperator): run_etl_scripts> on 2025-12-05 06:13:14.081452+00:00
[2025-12-05T06:13:18.864+0000] {standard_task_runner.py:63} INFO - Started process 51 to run task
[2025-12-05T06:13:18.868+0000] {standard_task_runner.py:90} INFO - Running: ['airflow', 'tasks', 'run', 'climate_etl', 'run_etl_scripts', 'manual__2025-12-05T06:13:14.081452+00:00', '--job-id', '21', '--raw', '--subdir', 'DAGS_FOLDER/waste_etl_dag.py', '--cfg-path', '/tmp/tmpqcgs_nd3']
[2025-12-05T06:13:18.871+0000] {standard_task_runner.py:91} INFO - Job 21: Subtask run_etl_scripts
[2025-12-05T06:13:18.920+0000] {task_command.py:426} INFO - Running <TaskInstance: climate_etl.run_etl_scripts manual__2025-12-05T06:13:14.081452+00:00 [running]> on host 61e42c83a9b5
[2025-12-05T06:13:19.032+0000] {taskinstance.py:2648} INFO - Exporting env vars: AIRFLOW_CTX_DAG_OWNER='adn' AIRFLOW_CTX_DAG_ID='climate_etl' AIRFLOW_CTX_TASK_ID='run_etl_scripts' AIRFLOW_CTX_EXECUTION_DATE='2025-12-05T06:13:14.081452+00:00' AIRFLOW_CTX_TRY_NUMBER='1' AIRFLOW_CTX_DAG_RUN_ID='manual__2025-12-05T06:13:14.081452+00:00'
[2025-12-05T06:13:19.033+0000] {taskinstance.py:430} INFO - ::endgroup::
[2025-12-05T06:13:19.065+0000] {subprocess.py:63} INFO - Tmp dir root location: /tmp
[2025-12-05T06:13:19.067+0000] {subprocess.py:75} INFO - Running command: ['/usr/bin/bash', '-c', 'cd /app && python src/etl_pipeline.py']
[2025-12-05T06:13:19.077+0000] {subprocess.py:86} INFO - Output:
[2025-12-05T06:13:21.320+0000] {subprocess.py:93} INFO - === MEMULAI ETL WASTE TRACKER ===
[2025-12-05T06:13:21.320+0000] {subprocess.py:93} INFO - Menggunakan SQLite: /app/data/climate_data.sqlite
[2025-12-05T06:13:21.321+0000] {subprocess.py:93} INFO - Tabel 'fact_sampah_harian' siap digunakan.
[2025-12-05T06:13:21.321+0000] {subprocess.py:93} INFO - 
[2025-12-05T06:13:21.322+0000] {subprocess.py:93} INFO - --- [1/2] PIPELINE JAKARTA ---
[2025-12-05T06:13:21.322+0000] {subprocess.py:93} INFO - Membaca: /app/raw_data/data_jakarta.csv
[2025-12-05T06:13:21.323+0000] {subprocess.py:93} INFO - --- Memulai Transformasi Data ---
[2025-12-05T06:13:21.323+0000] {subprocess.py:93} INFO - Info: Terdeteksi Format Bulanan (YYYYMM)
[2025-12-05T06:13:21.323+0000] {subprocess.py:93} INFO - --- Selesai. Data diringkas menjadi 105 baris ---
[2025-12-05T06:13:21.324+0000] {subprocess.py:93} INFO - Menggunakan SQLite: /app/data/climate_data.sqlite
[2025-12-05T06:13:21.324+0000] {subprocess.py:93} INFO - Menyimpan 105 baris ke tabel 'fact_sampah_harian'...
[2025-12-05T06:13:21.325+0000] {subprocess.py:93} INFO - SUKSES: Data berhasil masuk ke SQLite.
[2025-12-05T06:13:21.325+0000] {subprocess.py:93} INFO - 
[2025-12-05T06:13:21.325+0000] {subprocess.py:93} INFO - --- [2/2] PIPELINE KLHK ---
[2025-12-05T06:13:21.326+0000] {subprocess.py:93} INFO - Membaca: /app/raw_data/data_klhk.csv
[2025-12-05T06:13:21.326+0000] {subprocess.py:93} INFO - --- Memulai Transformasi Data ---
[2025-12-05T06:13:21.327+0000] {subprocess.py:93} INFO - Info: Terdeteksi Format Tahunan (YYYY)
[2025-12-05T06:13:21.327+0000] {subprocess.py:93} INFO - --- Selesai. Data diringkas menjadi 1682 baris ---
[2025-12-05T06:13:21.328+0000] {subprocess.py:93} INFO - Menggunakan SQLite: /app/data/climate_data.sqlite
[2025-12-05T06:13:21.328+0000] {subprocess.py:93} INFO - Menyimpan 1682 baris ke tabel 'fact_sampah_harian'...
[2025-12-05T06:13:21.328+0000] {subprocess.py:93} INFO - SUKSES: Data berhasil masuk ke SQLite.
[2025-12-05T06:13:21.329+0000] {subprocess.py:93} INFO - 
[2025-12-05T06:13:21.329+0000] {subprocess.py:93} INFO - === SEMUA PROSES SELESAI ===
[2025-12-05T06:13:21.450+0000] {subprocess.py:97} INFO - Command exited with return code 0
[2025-12-05T06:13:21.451+0000] {taskinstance.py:441} INFO - ::group::Post task execution logs
[2025-12-05T06:13:21.540+0000] {taskinstance.py:1206} INFO - Marking task as SUCCESS. dag_id=climate_etl, task_id=run_etl_scripts, run_id=manual__2025-12-05T06:13:14.081452+00:00, execution_date=20251205T061314, start_date=20251205T061318, end_date=20251205T061321
[2025-12-05T06:13:21.571+0000] {local_task_job_runner.py:240} INFO - Task exited with return code 0
[2025-12-05T06:13:21.586+0000] {taskinstance.py:3503} INFO - 0 downstream tasks scheduled from follow-on schedule check
[2025-12-05T06:13:21.587+0000] {local_task_job_runner.py:222} INFO - ::endgroup::
