[2025-11-30T15:12:19.709+0000] {processor.py:161} INFO - Started process (PID=29) to work on /opt/airflow/dags/waste_etl_dag.py
[2025-11-30T15:12:19.712+0000] {processor.py:830} INFO - Processing file /opt/airflow/dags/waste_etl_dag.py for tasks to queue
[2025-11-30T15:12:19.717+0000] {logging_mixin.py:188} INFO - [2025-11-30T15:12:19.717+0000] {dagbag.py:545} INFO - Filling up the DagBag from /opt/airflow/dags/waste_etl_dag.py
[2025-11-30T15:12:19.752+0000] {processor.py:840} INFO - DAG(s) 'climate_etl' retrieved from /opt/airflow/dags/waste_etl_dag.py
[2025-11-30T15:12:20.138+0000] {logging_mixin.py:188} INFO - [2025-11-30T15:12:20.138+0000] {override.py:1829} INFO - Created Permission View: can edit on DAG:climate_etl
[2025-11-30T15:12:20.192+0000] {logging_mixin.py:188} INFO - [2025-11-30T15:12:20.191+0000] {override.py:1829} INFO - Created Permission View: can read on DAG:climate_etl
[2025-11-30T15:12:20.207+0000] {logging_mixin.py:188} INFO - [2025-11-30T15:12:20.207+0000] {override.py:1829} INFO - Created Permission View: can delete on DAG:climate_etl
[2025-11-30T15:12:20.208+0000] {logging_mixin.py:188} INFO - [2025-11-30T15:12:20.208+0000] {dag.py:3096} INFO - Sync 1 DAGs
[2025-11-30T15:12:20.216+0000] {logging_mixin.py:188} INFO - [2025-11-30T15:12:20.216+0000] {dag.py:3118} INFO - Creating ORM DAG for climate_etl
[2025-11-30T15:12:20.265+0000] {logging_mixin.py:188} INFO - [2025-11-30T15:12:20.264+0000] {dag.py:3954} INFO - Setting next_dagrun for climate_etl to 2025-11-29 00:00:00+00:00, run_after=2025-11-30 00:00:00+00:00
[2025-11-30T15:12:20.430+0000] {processor.py:183} INFO - Processing /opt/airflow/dags/waste_etl_dag.py took 0.735 seconds
[2025-11-30T15:12:50.801+0000] {processor.py:161} INFO - Started process (PID=30) to work on /opt/airflow/dags/waste_etl_dag.py
[2025-11-30T15:12:50.802+0000] {processor.py:830} INFO - Processing file /opt/airflow/dags/waste_etl_dag.py for tasks to queue
[2025-11-30T15:12:50.807+0000] {logging_mixin.py:188} INFO - [2025-11-30T15:12:50.806+0000] {dagbag.py:545} INFO - Filling up the DagBag from /opt/airflow/dags/waste_etl_dag.py
[2025-11-30T15:12:50.835+0000] {processor.py:840} INFO - DAG(s) 'climate_etl' retrieved from /opt/airflow/dags/waste_etl_dag.py
[2025-11-30T15:12:50.867+0000] {logging_mixin.py:188} INFO - [2025-11-30T15:12:50.867+0000] {dag.py:3096} INFO - Sync 1 DAGs
[2025-11-30T15:12:50.883+0000] {logging_mixin.py:188} INFO - [2025-11-30T15:12:50.883+0000] {dag.py:3954} INFO - Setting next_dagrun for climate_etl to 2025-11-29 00:00:00+00:00, run_after=2025-11-30 00:00:00+00:00
[2025-11-30T15:12:50.910+0000] {processor.py:183} INFO - Processing /opt/airflow/dags/waste_etl_dag.py took 0.116 seconds
[2025-11-30T15:13:21.066+0000] {processor.py:161} INFO - Started process (PID=31) to work on /opt/airflow/dags/waste_etl_dag.py
[2025-11-30T15:13:21.067+0000] {processor.py:830} INFO - Processing file /opt/airflow/dags/waste_etl_dag.py for tasks to queue
[2025-11-30T15:13:21.069+0000] {logging_mixin.py:188} INFO - [2025-11-30T15:13:21.068+0000] {dagbag.py:545} INFO - Filling up the DagBag from /opt/airflow/dags/waste_etl_dag.py
[2025-11-30T15:13:21.085+0000] {processor.py:840} INFO - DAG(s) 'climate_etl' retrieved from /opt/airflow/dags/waste_etl_dag.py
[2025-11-30T15:13:21.115+0000] {logging_mixin.py:188} INFO - [2025-11-30T15:13:21.114+0000] {dag.py:3096} INFO - Sync 1 DAGs
[2025-11-30T15:13:21.139+0000] {logging_mixin.py:188} INFO - [2025-11-30T15:13:21.139+0000] {dag.py:3954} INFO - Setting next_dagrun for climate_etl to 2025-11-29 00:00:00+00:00, run_after=2025-11-30 00:00:00+00:00
[2025-11-30T15:13:21.171+0000] {processor.py:183} INFO - Processing /opt/airflow/dags/waste_etl_dag.py took 0.109 seconds
[2025-11-30T15:13:51.085+0000] {processor.py:161} INFO - Started process (PID=32) to work on /opt/airflow/dags/waste_etl_dag.py
[2025-11-30T15:13:51.088+0000] {processor.py:830} INFO - Processing file /opt/airflow/dags/waste_etl_dag.py for tasks to queue
[2025-11-30T15:13:51.093+0000] {logging_mixin.py:188} INFO - [2025-11-30T15:13:51.092+0000] {dagbag.py:545} INFO - Filling up the DagBag from /opt/airflow/dags/waste_etl_dag.py
[2025-11-30T15:13:51.123+0000] {processor.py:840} INFO - DAG(s) 'climate_etl' retrieved from /opt/airflow/dags/waste_etl_dag.py
[2025-11-30T15:13:51.150+0000] {logging_mixin.py:188} INFO - [2025-11-30T15:13:51.150+0000] {dag.py:3096} INFO - Sync 1 DAGs
[2025-11-30T15:13:51.170+0000] {logging_mixin.py:188} INFO - [2025-11-30T15:13:51.170+0000] {dag.py:3954} INFO - Setting next_dagrun for climate_etl to 2025-11-29 00:00:00+00:00, run_after=2025-11-30 00:00:00+00:00
[2025-11-30T15:13:51.199+0000] {processor.py:183} INFO - Processing /opt/airflow/dags/waste_etl_dag.py took 0.130 seconds
[2025-11-30T15:14:22.143+0000] {processor.py:161} INFO - Started process (PID=33) to work on /opt/airflow/dags/waste_etl_dag.py
[2025-11-30T15:14:22.144+0000] {processor.py:830} INFO - Processing file /opt/airflow/dags/waste_etl_dag.py for tasks to queue
[2025-11-30T15:14:22.146+0000] {logging_mixin.py:188} INFO - [2025-11-30T15:14:22.146+0000] {dagbag.py:545} INFO - Filling up the DagBag from /opt/airflow/dags/waste_etl_dag.py
[2025-11-30T15:14:22.167+0000] {processor.py:840} INFO - DAG(s) 'climate_etl' retrieved from /opt/airflow/dags/waste_etl_dag.py
[2025-11-30T15:14:22.206+0000] {logging_mixin.py:188} INFO - [2025-11-30T15:14:22.206+0000] {dag.py:3096} INFO - Sync 1 DAGs
[2025-11-30T15:14:22.228+0000] {logging_mixin.py:188} INFO - [2025-11-30T15:14:22.228+0000] {dag.py:3954} INFO - Setting next_dagrun for climate_etl to 2025-11-29 00:00:00+00:00, run_after=2025-11-30 00:00:00+00:00
[2025-11-30T15:14:22.256+0000] {processor.py:183} INFO - Processing /opt/airflow/dags/waste_etl_dag.py took 0.119 seconds
[2025-11-30T15:14:53.091+0000] {processor.py:161} INFO - Started process (PID=34) to work on /opt/airflow/dags/waste_etl_dag.py
[2025-11-30T15:14:53.092+0000] {processor.py:830} INFO - Processing file /opt/airflow/dags/waste_etl_dag.py for tasks to queue
[2025-11-30T15:14:53.095+0000] {logging_mixin.py:188} INFO - [2025-11-30T15:14:53.094+0000] {dagbag.py:545} INFO - Filling up the DagBag from /opt/airflow/dags/waste_etl_dag.py
[2025-11-30T15:14:53.118+0000] {processor.py:840} INFO - DAG(s) 'climate_etl' retrieved from /opt/airflow/dags/waste_etl_dag.py
[2025-11-30T15:14:53.155+0000] {logging_mixin.py:188} INFO - [2025-11-30T15:14:53.155+0000] {dag.py:3096} INFO - Sync 1 DAGs
[2025-11-30T15:14:53.179+0000] {logging_mixin.py:188} INFO - [2025-11-30T15:14:53.179+0000] {dag.py:3954} INFO - Setting next_dagrun for climate_etl to 2025-11-29 00:00:00+00:00, run_after=2025-11-30 00:00:00+00:00
[2025-11-30T15:14:53.209+0000] {processor.py:183} INFO - Processing /opt/airflow/dags/waste_etl_dag.py took 0.124 seconds
[2025-11-30T15:15:24.036+0000] {processor.py:161} INFO - Started process (PID=35) to work on /opt/airflow/dags/waste_etl_dag.py
[2025-11-30T15:15:24.037+0000] {processor.py:830} INFO - Processing file /opt/airflow/dags/waste_etl_dag.py for tasks to queue
[2025-11-30T15:15:24.039+0000] {logging_mixin.py:188} INFO - [2025-11-30T15:15:24.039+0000] {dagbag.py:545} INFO - Filling up the DagBag from /opt/airflow/dags/waste_etl_dag.py
[2025-11-30T15:15:24.061+0000] {processor.py:840} INFO - DAG(s) 'climate_etl' retrieved from /opt/airflow/dags/waste_etl_dag.py
[2025-11-30T15:15:24.086+0000] {logging_mixin.py:188} INFO - [2025-11-30T15:15:24.086+0000] {dag.py:3096} INFO - Sync 1 DAGs
[2025-11-30T15:15:24.105+0000] {logging_mixin.py:188} INFO - [2025-11-30T15:15:24.105+0000] {dag.py:3954} INFO - Setting next_dagrun for climate_etl to 2025-11-29 00:00:00+00:00, run_after=2025-11-30 00:00:00+00:00
[2025-11-30T15:15:24.139+0000] {processor.py:183} INFO - Processing /opt/airflow/dags/waste_etl_dag.py took 0.110 seconds
[2025-11-30T15:15:54.941+0000] {processor.py:161} INFO - Started process (PID=36) to work on /opt/airflow/dags/waste_etl_dag.py
[2025-11-30T15:15:54.943+0000] {processor.py:830} INFO - Processing file /opt/airflow/dags/waste_etl_dag.py for tasks to queue
[2025-11-30T15:15:54.945+0000] {logging_mixin.py:188} INFO - [2025-11-30T15:15:54.944+0000] {dagbag.py:545} INFO - Filling up the DagBag from /opt/airflow/dags/waste_etl_dag.py
[2025-11-30T15:15:54.965+0000] {processor.py:840} INFO - DAG(s) 'climate_etl' retrieved from /opt/airflow/dags/waste_etl_dag.py
[2025-11-30T15:15:54.990+0000] {logging_mixin.py:188} INFO - [2025-11-30T15:15:54.989+0000] {dag.py:3096} INFO - Sync 1 DAGs
[2025-11-30T15:15:55.008+0000] {logging_mixin.py:188} INFO - [2025-11-30T15:15:55.008+0000] {dag.py:3954} INFO - Setting next_dagrun for climate_etl to 2025-11-29 00:00:00+00:00, run_after=2025-11-30 00:00:00+00:00
[2025-11-30T15:15:55.034+0000] {processor.py:183} INFO - Processing /opt/airflow/dags/waste_etl_dag.py took 0.102 seconds
[2025-11-30T15:17:33.930+0000] {processor.py:161} INFO - Started process (PID=29) to work on /opt/airflow/dags/waste_etl_dag.py
[2025-11-30T15:17:33.932+0000] {processor.py:830} INFO - Processing file /opt/airflow/dags/waste_etl_dag.py for tasks to queue
[2025-11-30T15:17:33.935+0000] {logging_mixin.py:188} INFO - [2025-11-30T15:17:33.934+0000] {dagbag.py:545} INFO - Filling up the DagBag from /opt/airflow/dags/waste_etl_dag.py
[2025-11-30T15:17:33.980+0000] {processor.py:840} INFO - DAG(s) 'climate_etl' retrieved from /opt/airflow/dags/waste_etl_dag.py
[2025-11-30T15:17:34.239+0000] {logging_mixin.py:188} INFO - [2025-11-30T15:17:34.238+0000] {override.py:1829} INFO - Created Permission View: can delete on DAG:climate_etl
[2025-11-30T15:17:34.267+0000] {logging_mixin.py:188} INFO - [2025-11-30T15:17:34.266+0000] {override.py:1829} INFO - Created Permission View: can edit on DAG:climate_etl
[2025-11-30T15:17:34.290+0000] {logging_mixin.py:188} INFO - [2025-11-30T15:17:34.290+0000] {override.py:1829} INFO - Created Permission View: can read on DAG:climate_etl
[2025-11-30T15:17:34.291+0000] {logging_mixin.py:188} INFO - [2025-11-30T15:17:34.291+0000] {dag.py:3096} INFO - Sync 1 DAGs
[2025-11-30T15:17:34.300+0000] {logging_mixin.py:188} INFO - [2025-11-30T15:17:34.300+0000] {dag.py:3118} INFO - Creating ORM DAG for climate_etl
[2025-11-30T15:17:34.309+0000] {logging_mixin.py:188} INFO - [2025-11-30T15:17:34.309+0000] {dag.py:3954} INFO - Setting next_dagrun for climate_etl to 2025-11-29 00:00:00+00:00, run_after=2025-11-30 00:00:00+00:00
[2025-11-30T15:17:34.343+0000] {processor.py:183} INFO - Processing /opt/airflow/dags/waste_etl_dag.py took 0.420 seconds
[2025-11-30T15:18:04.938+0000] {processor.py:161} INFO - Started process (PID=30) to work on /opt/airflow/dags/waste_etl_dag.py
[2025-11-30T15:18:04.940+0000] {processor.py:830} INFO - Processing file /opt/airflow/dags/waste_etl_dag.py for tasks to queue
[2025-11-30T15:18:04.942+0000] {logging_mixin.py:188} INFO - [2025-11-30T15:18:04.941+0000] {dagbag.py:545} INFO - Filling up the DagBag from /opt/airflow/dags/waste_etl_dag.py
[2025-11-30T15:18:04.960+0000] {processor.py:840} INFO - DAG(s) 'climate_etl' retrieved from /opt/airflow/dags/waste_etl_dag.py
[2025-11-30T15:18:04.983+0000] {logging_mixin.py:188} INFO - [2025-11-30T15:18:04.982+0000] {dag.py:3096} INFO - Sync 1 DAGs
[2025-11-30T15:18:05.005+0000] {logging_mixin.py:188} INFO - [2025-11-30T15:18:05.005+0000] {dag.py:3954} INFO - Setting next_dagrun for climate_etl to 2025-11-29 00:00:00+00:00, run_after=2025-11-30 00:00:00+00:00
[2025-11-30T15:18:05.050+0000] {processor.py:183} INFO - Processing /opt/airflow/dags/waste_etl_dag.py took 0.120 seconds
[2025-11-30T15:18:35.236+0000] {processor.py:161} INFO - Started process (PID=31) to work on /opt/airflow/dags/waste_etl_dag.py
[2025-11-30T15:18:35.237+0000] {processor.py:830} INFO - Processing file /opt/airflow/dags/waste_etl_dag.py for tasks to queue
[2025-11-30T15:18:35.239+0000] {logging_mixin.py:188} INFO - [2025-11-30T15:18:35.239+0000] {dagbag.py:545} INFO - Filling up the DagBag from /opt/airflow/dags/waste_etl_dag.py
[2025-11-30T15:18:35.258+0000] {processor.py:840} INFO - DAG(s) 'climate_etl' retrieved from /opt/airflow/dags/waste_etl_dag.py
[2025-11-30T15:18:35.279+0000] {logging_mixin.py:188} INFO - [2025-11-30T15:18:35.278+0000] {dag.py:3096} INFO - Sync 1 DAGs
[2025-11-30T15:18:35.295+0000] {logging_mixin.py:188} INFO - [2025-11-30T15:18:35.295+0000] {dag.py:3954} INFO - Setting next_dagrun for climate_etl to 2025-11-29 00:00:00+00:00, run_after=2025-11-30 00:00:00+00:00
[2025-11-30T15:18:35.320+0000] {processor.py:183} INFO - Processing /opt/airflow/dags/waste_etl_dag.py took 0.090 seconds
[2025-11-30T15:19:06.270+0000] {processor.py:161} INFO - Started process (PID=32) to work on /opt/airflow/dags/waste_etl_dag.py
[2025-11-30T15:19:06.272+0000] {processor.py:830} INFO - Processing file /opt/airflow/dags/waste_etl_dag.py for tasks to queue
[2025-11-30T15:19:06.274+0000] {logging_mixin.py:188} INFO - [2025-11-30T15:19:06.274+0000] {dagbag.py:545} INFO - Filling up the DagBag from /opt/airflow/dags/waste_etl_dag.py
[2025-11-30T15:19:06.297+0000] {processor.py:840} INFO - DAG(s) 'climate_etl' retrieved from /opt/airflow/dags/waste_etl_dag.py
[2025-11-30T15:19:06.325+0000] {logging_mixin.py:188} INFO - [2025-11-30T15:19:06.324+0000] {dag.py:3096} INFO - Sync 1 DAGs
[2025-11-30T15:19:06.345+0000] {logging_mixin.py:188} INFO - [2025-11-30T15:19:06.345+0000] {dag.py:3954} INFO - Setting next_dagrun for climate_etl to 2025-11-29 00:00:00+00:00, run_after=2025-11-30 00:00:00+00:00
[2025-11-30T15:19:06.374+0000] {processor.py:183} INFO - Processing /opt/airflow/dags/waste_etl_dag.py took 0.110 seconds
[2025-11-30T15:19:37.204+0000] {processor.py:161} INFO - Started process (PID=33) to work on /opt/airflow/dags/waste_etl_dag.py
[2025-11-30T15:19:37.206+0000] {processor.py:830} INFO - Processing file /opt/airflow/dags/waste_etl_dag.py for tasks to queue
[2025-11-30T15:19:37.209+0000] {logging_mixin.py:188} INFO - [2025-11-30T15:19:37.209+0000] {dagbag.py:545} INFO - Filling up the DagBag from /opt/airflow/dags/waste_etl_dag.py
[2025-11-30T15:19:37.227+0000] {processor.py:840} INFO - DAG(s) 'climate_etl' retrieved from /opt/airflow/dags/waste_etl_dag.py
[2025-11-30T15:19:37.251+0000] {logging_mixin.py:188} INFO - [2025-11-30T15:19:37.251+0000] {dag.py:3096} INFO - Sync 1 DAGs
[2025-11-30T15:19:37.270+0000] {logging_mixin.py:188} INFO - [2025-11-30T15:19:37.270+0000] {dag.py:3954} INFO - Setting next_dagrun for climate_etl to 2025-11-29 00:00:00+00:00, run_after=2025-11-30 00:00:00+00:00
[2025-11-30T15:19:37.300+0000] {processor.py:183} INFO - Processing /opt/airflow/dags/waste_etl_dag.py took 0.101 seconds
[2025-11-30T15:20:07.720+0000] {processor.py:161} INFO - Started process (PID=34) to work on /opt/airflow/dags/waste_etl_dag.py
[2025-11-30T15:20:07.721+0000] {processor.py:830} INFO - Processing file /opt/airflow/dags/waste_etl_dag.py for tasks to queue
[2025-11-30T15:20:07.723+0000] {logging_mixin.py:188} INFO - [2025-11-30T15:20:07.722+0000] {dagbag.py:545} INFO - Filling up the DagBag from /opt/airflow/dags/waste_etl_dag.py
[2025-11-30T15:20:07.741+0000] {processor.py:840} INFO - DAG(s) 'climate_etl' retrieved from /opt/airflow/dags/waste_etl_dag.py
[2025-11-30T15:20:07.765+0000] {logging_mixin.py:188} INFO - [2025-11-30T15:20:07.764+0000] {dag.py:3096} INFO - Sync 1 DAGs
[2025-11-30T15:20:07.784+0000] {logging_mixin.py:188} INFO - [2025-11-30T15:20:07.784+0000] {dag.py:3954} INFO - Setting next_dagrun for climate_etl to 2025-11-29 00:00:00+00:00, run_after=2025-11-30 00:00:00+00:00
[2025-11-30T15:20:07.813+0000] {processor.py:183} INFO - Processing /opt/airflow/dags/waste_etl_dag.py took 0.098 seconds
[2025-11-30T15:20:38.820+0000] {processor.py:161} INFO - Started process (PID=35) to work on /opt/airflow/dags/waste_etl_dag.py
[2025-11-30T15:20:38.822+0000] {processor.py:830} INFO - Processing file /opt/airflow/dags/waste_etl_dag.py for tasks to queue
[2025-11-30T15:20:38.824+0000] {logging_mixin.py:188} INFO - [2025-11-30T15:20:38.823+0000] {dagbag.py:545} INFO - Filling up the DagBag from /opt/airflow/dags/waste_etl_dag.py
[2025-11-30T15:20:38.843+0000] {processor.py:840} INFO - DAG(s) 'climate_etl' retrieved from /opt/airflow/dags/waste_etl_dag.py
[2025-11-30T15:20:38.867+0000] {logging_mixin.py:188} INFO - [2025-11-30T15:20:38.867+0000] {dag.py:3096} INFO - Sync 1 DAGs
[2025-11-30T15:20:38.889+0000] {logging_mixin.py:188} INFO - [2025-11-30T15:20:38.888+0000] {dag.py:3954} INFO - Setting next_dagrun for climate_etl to 2025-11-29 00:00:00+00:00, run_after=2025-11-30 00:00:00+00:00
[2025-11-30T15:20:38.922+0000] {processor.py:183} INFO - Processing /opt/airflow/dags/waste_etl_dag.py took 0.109 seconds
[2025-11-30T15:21:09.124+0000] {processor.py:161} INFO - Started process (PID=36) to work on /opt/airflow/dags/waste_etl_dag.py
[2025-11-30T15:21:09.125+0000] {processor.py:830} INFO - Processing file /opt/airflow/dags/waste_etl_dag.py for tasks to queue
[2025-11-30T15:21:09.127+0000] {logging_mixin.py:188} INFO - [2025-11-30T15:21:09.127+0000] {dagbag.py:545} INFO - Filling up the DagBag from /opt/airflow/dags/waste_etl_dag.py
[2025-11-30T15:21:09.147+0000] {processor.py:840} INFO - DAG(s) 'climate_etl' retrieved from /opt/airflow/dags/waste_etl_dag.py
[2025-11-30T15:21:09.169+0000] {logging_mixin.py:188} INFO - [2025-11-30T15:21:09.169+0000] {dag.py:3096} INFO - Sync 1 DAGs
[2025-11-30T15:21:09.189+0000] {logging_mixin.py:188} INFO - [2025-11-30T15:21:09.189+0000] {dag.py:3954} INFO - Setting next_dagrun for climate_etl to 2025-11-29 00:00:00+00:00, run_after=2025-11-30 00:00:00+00:00
[2025-11-30T15:21:09.223+0000] {processor.py:183} INFO - Processing /opt/airflow/dags/waste_etl_dag.py took 0.104 seconds
[2025-11-30T15:21:40.222+0000] {processor.py:161} INFO - Started process (PID=37) to work on /opt/airflow/dags/waste_etl_dag.py
[2025-11-30T15:21:40.223+0000] {processor.py:830} INFO - Processing file /opt/airflow/dags/waste_etl_dag.py for tasks to queue
[2025-11-30T15:21:40.225+0000] {logging_mixin.py:188} INFO - [2025-11-30T15:21:40.225+0000] {dagbag.py:545} INFO - Filling up the DagBag from /opt/airflow/dags/waste_etl_dag.py
[2025-11-30T15:21:40.241+0000] {processor.py:840} INFO - DAG(s) 'climate_etl' retrieved from /opt/airflow/dags/waste_etl_dag.py
[2025-11-30T15:21:40.259+0000] {logging_mixin.py:188} INFO - [2025-11-30T15:21:40.259+0000] {dag.py:3096} INFO - Sync 1 DAGs
[2025-11-30T15:21:40.276+0000] {logging_mixin.py:188} INFO - [2025-11-30T15:21:40.276+0000] {dag.py:3954} INFO - Setting next_dagrun for climate_etl to 2025-11-29 00:00:00+00:00, run_after=2025-11-30 00:00:00+00:00
[2025-11-30T15:21:40.302+0000] {processor.py:183} INFO - Processing /opt/airflow/dags/waste_etl_dag.py took 0.085 seconds
[2025-11-30T15:22:10.533+0000] {processor.py:161} INFO - Started process (PID=38) to work on /opt/airflow/dags/waste_etl_dag.py
[2025-11-30T15:22:10.534+0000] {processor.py:830} INFO - Processing file /opt/airflow/dags/waste_etl_dag.py for tasks to queue
[2025-11-30T15:22:10.535+0000] {logging_mixin.py:188} INFO - [2025-11-30T15:22:10.535+0000] {dagbag.py:545} INFO - Filling up the DagBag from /opt/airflow/dags/waste_etl_dag.py
[2025-11-30T15:22:10.550+0000] {processor.py:840} INFO - DAG(s) 'climate_etl' retrieved from /opt/airflow/dags/waste_etl_dag.py
[2025-11-30T15:22:10.567+0000] {logging_mixin.py:188} INFO - [2025-11-30T15:22:10.567+0000] {dag.py:3096} INFO - Sync 1 DAGs
[2025-11-30T15:22:10.583+0000] {logging_mixin.py:188} INFO - [2025-11-30T15:22:10.583+0000] {dag.py:3954} INFO - Setting next_dagrun for climate_etl to 2025-11-29 00:00:00+00:00, run_after=2025-11-30 00:00:00+00:00
[2025-11-30T15:22:10.608+0000] {processor.py:183} INFO - Processing /opt/airflow/dags/waste_etl_dag.py took 0.080 seconds
[2025-11-30T15:22:41.440+0000] {processor.py:161} INFO - Started process (PID=39) to work on /opt/airflow/dags/waste_etl_dag.py
[2025-11-30T15:22:41.441+0000] {processor.py:830} INFO - Processing file /opt/airflow/dags/waste_etl_dag.py for tasks to queue
[2025-11-30T15:22:41.443+0000] {logging_mixin.py:188} INFO - [2025-11-30T15:22:41.442+0000] {dagbag.py:545} INFO - Filling up the DagBag from /opt/airflow/dags/waste_etl_dag.py
[2025-11-30T15:22:41.458+0000] {processor.py:840} INFO - DAG(s) 'climate_etl' retrieved from /opt/airflow/dags/waste_etl_dag.py
[2025-11-30T15:22:41.478+0000] {logging_mixin.py:188} INFO - [2025-11-30T15:22:41.477+0000] {dag.py:3096} INFO - Sync 1 DAGs
[2025-11-30T15:22:41.496+0000] {logging_mixin.py:188} INFO - [2025-11-30T15:22:41.495+0000] {dag.py:3954} INFO - Setting next_dagrun for climate_etl to 2025-11-29 00:00:00+00:00, run_after=2025-11-30 00:00:00+00:00
[2025-11-30T15:22:41.521+0000] {processor.py:183} INFO - Processing /opt/airflow/dags/waste_etl_dag.py took 0.085 seconds
[2025-11-30T15:23:12.329+0000] {processor.py:161} INFO - Started process (PID=40) to work on /opt/airflow/dags/waste_etl_dag.py
[2025-11-30T15:23:12.330+0000] {processor.py:830} INFO - Processing file /opt/airflow/dags/waste_etl_dag.py for tasks to queue
[2025-11-30T15:23:12.332+0000] {logging_mixin.py:188} INFO - [2025-11-30T15:23:12.331+0000] {dagbag.py:545} INFO - Filling up the DagBag from /opt/airflow/dags/waste_etl_dag.py
[2025-11-30T15:23:12.349+0000] {processor.py:840} INFO - DAG(s) 'climate_etl' retrieved from /opt/airflow/dags/waste_etl_dag.py
[2025-11-30T15:23:12.368+0000] {logging_mixin.py:188} INFO - [2025-11-30T15:23:12.367+0000] {dag.py:3096} INFO - Sync 1 DAGs
[2025-11-30T15:23:12.385+0000] {logging_mixin.py:188} INFO - [2025-11-30T15:23:12.385+0000] {dag.py:3954} INFO - Setting next_dagrun for climate_etl to 2025-11-29 00:00:00+00:00, run_after=2025-11-30 00:00:00+00:00
[2025-11-30T15:23:12.411+0000] {processor.py:183} INFO - Processing /opt/airflow/dags/waste_etl_dag.py took 0.087 seconds
[2025-11-30T15:23:42.728+0000] {processor.py:161} INFO - Started process (PID=41) to work on /opt/airflow/dags/waste_etl_dag.py
[2025-11-30T15:23:42.729+0000] {processor.py:830} INFO - Processing file /opt/airflow/dags/waste_etl_dag.py for tasks to queue
[2025-11-30T15:23:42.731+0000] {logging_mixin.py:188} INFO - [2025-11-30T15:23:42.731+0000] {dagbag.py:545} INFO - Filling up the DagBag from /opt/airflow/dags/waste_etl_dag.py
[2025-11-30T15:23:42.750+0000] {processor.py:840} INFO - DAG(s) 'climate_etl' retrieved from /opt/airflow/dags/waste_etl_dag.py
[2025-11-30T15:23:42.778+0000] {logging_mixin.py:188} INFO - [2025-11-30T15:23:42.778+0000] {dag.py:3096} INFO - Sync 1 DAGs
[2025-11-30T15:23:42.794+0000] {logging_mixin.py:188} INFO - [2025-11-30T15:23:42.794+0000] {dag.py:3954} INFO - Setting next_dagrun for climate_etl to 2025-11-29 00:00:00+00:00, run_after=2025-11-30 00:00:00+00:00
[2025-11-30T15:23:42.819+0000] {processor.py:183} INFO - Processing /opt/airflow/dags/waste_etl_dag.py took 0.098 seconds
[2025-11-30T15:24:13.953+0000] {processor.py:161} INFO - Started process (PID=42) to work on /opt/airflow/dags/waste_etl_dag.py
[2025-11-30T15:24:13.954+0000] {processor.py:830} INFO - Processing file /opt/airflow/dags/waste_etl_dag.py for tasks to queue
[2025-11-30T15:24:13.956+0000] {logging_mixin.py:188} INFO - [2025-11-30T15:24:13.955+0000] {dagbag.py:545} INFO - Filling up the DagBag from /opt/airflow/dags/waste_etl_dag.py
[2025-11-30T15:24:13.974+0000] {processor.py:840} INFO - DAG(s) 'climate_etl' retrieved from /opt/airflow/dags/waste_etl_dag.py
[2025-11-30T15:24:13.996+0000] {logging_mixin.py:188} INFO - [2025-11-30T15:24:13.996+0000] {dag.py:3096} INFO - Sync 1 DAGs
[2025-11-30T15:24:14.012+0000] {logging_mixin.py:188} INFO - [2025-11-30T15:24:14.012+0000] {dag.py:3954} INFO - Setting next_dagrun for climate_etl to 2025-11-29 00:00:00+00:00, run_after=2025-11-30 00:00:00+00:00
[2025-11-30T15:24:14.037+0000] {processor.py:183} INFO - Processing /opt/airflow/dags/waste_etl_dag.py took 0.092 seconds
[2025-11-30T15:24:44.284+0000] {processor.py:161} INFO - Started process (PID=43) to work on /opt/airflow/dags/waste_etl_dag.py
[2025-11-30T15:24:44.285+0000] {processor.py:830} INFO - Processing file /opt/airflow/dags/waste_etl_dag.py for tasks to queue
[2025-11-30T15:24:44.286+0000] {logging_mixin.py:188} INFO - [2025-11-30T15:24:44.286+0000] {dagbag.py:545} INFO - Filling up the DagBag from /opt/airflow/dags/waste_etl_dag.py
[2025-11-30T15:24:44.302+0000] {processor.py:840} INFO - DAG(s) 'climate_etl' retrieved from /opt/airflow/dags/waste_etl_dag.py
[2025-11-30T15:24:44.321+0000] {logging_mixin.py:188} INFO - [2025-11-30T15:24:44.320+0000] {dag.py:3096} INFO - Sync 1 DAGs
[2025-11-30T15:24:44.337+0000] {logging_mixin.py:188} INFO - [2025-11-30T15:24:44.336+0000] {dag.py:3954} INFO - Setting next_dagrun for climate_etl to 2025-11-29 00:00:00+00:00, run_after=2025-11-30 00:00:00+00:00
[2025-11-30T15:24:44.363+0000] {processor.py:183} INFO - Processing /opt/airflow/dags/waste_etl_dag.py took 0.084 seconds
[2025-11-30T15:25:14.512+0000] {processor.py:161} INFO - Started process (PID=44) to work on /opt/airflow/dags/waste_etl_dag.py
[2025-11-30T15:25:14.514+0000] {processor.py:830} INFO - Processing file /opt/airflow/dags/waste_etl_dag.py for tasks to queue
[2025-11-30T15:25:14.519+0000] {logging_mixin.py:188} INFO - [2025-11-30T15:25:14.518+0000] {dagbag.py:545} INFO - Filling up the DagBag from /opt/airflow/dags/waste_etl_dag.py
[2025-11-30T15:25:14.543+0000] {processor.py:840} INFO - DAG(s) 'climate_etl' retrieved from /opt/airflow/dags/waste_etl_dag.py
[2025-11-30T15:25:14.575+0000] {logging_mixin.py:188} INFO - [2025-11-30T15:25:14.575+0000] {dag.py:3096} INFO - Sync 1 DAGs
[2025-11-30T15:25:14.598+0000] {logging_mixin.py:188} INFO - [2025-11-30T15:25:14.598+0000] {dag.py:3954} INFO - Setting next_dagrun for climate_etl to 2025-11-29 00:00:00+00:00, run_after=2025-11-30 00:00:00+00:00
[2025-11-30T15:25:14.636+0000] {processor.py:183} INFO - Processing /opt/airflow/dags/waste_etl_dag.py took 0.140 seconds
[2025-11-30T15:25:45.371+0000] {processor.py:161} INFO - Started process (PID=45) to work on /opt/airflow/dags/waste_etl_dag.py
[2025-11-30T15:25:45.372+0000] {processor.py:830} INFO - Processing file /opt/airflow/dags/waste_etl_dag.py for tasks to queue
[2025-11-30T15:25:45.374+0000] {logging_mixin.py:188} INFO - [2025-11-30T15:25:45.374+0000] {dagbag.py:545} INFO - Filling up the DagBag from /opt/airflow/dags/waste_etl_dag.py
[2025-11-30T15:25:45.394+0000] {processor.py:840} INFO - DAG(s) 'climate_etl' retrieved from /opt/airflow/dags/waste_etl_dag.py
[2025-11-30T15:25:45.416+0000] {logging_mixin.py:188} INFO - [2025-11-30T15:25:45.416+0000] {dag.py:3096} INFO - Sync 1 DAGs
[2025-11-30T15:25:45.435+0000] {logging_mixin.py:188} INFO - [2025-11-30T15:25:45.435+0000] {dag.py:3954} INFO - Setting next_dagrun for climate_etl to 2025-11-29 00:00:00+00:00, run_after=2025-11-30 00:00:00+00:00
[2025-11-30T15:25:45.461+0000] {processor.py:183} INFO - Processing /opt/airflow/dags/waste_etl_dag.py took 0.096 seconds
[2025-11-30T15:26:16.507+0000] {processor.py:161} INFO - Started process (PID=46) to work on /opt/airflow/dags/waste_etl_dag.py
[2025-11-30T15:26:16.508+0000] {processor.py:830} INFO - Processing file /opt/airflow/dags/waste_etl_dag.py for tasks to queue
[2025-11-30T15:26:16.512+0000] {logging_mixin.py:188} INFO - [2025-11-30T15:26:16.512+0000] {dagbag.py:545} INFO - Filling up the DagBag from /opt/airflow/dags/waste_etl_dag.py
[2025-11-30T15:26:16.535+0000] {processor.py:840} INFO - DAG(s) 'climate_etl' retrieved from /opt/airflow/dags/waste_etl_dag.py
[2025-11-30T15:26:16.563+0000] {logging_mixin.py:188} INFO - [2025-11-30T15:26:16.563+0000] {dag.py:3096} INFO - Sync 1 DAGs
[2025-11-30T15:26:16.582+0000] {logging_mixin.py:188} INFO - [2025-11-30T15:26:16.582+0000] {dag.py:3954} INFO - Setting next_dagrun for climate_etl to 2025-11-29 00:00:00+00:00, run_after=2025-11-30 00:00:00+00:00
[2025-11-30T15:26:16.613+0000] {processor.py:183} INFO - Processing /opt/airflow/dags/waste_etl_dag.py took 0.120 seconds
[2025-11-30T15:26:47.489+0000] {processor.py:161} INFO - Started process (PID=47) to work on /opt/airflow/dags/waste_etl_dag.py
[2025-11-30T15:26:47.490+0000] {processor.py:830} INFO - Processing file /opt/airflow/dags/waste_etl_dag.py for tasks to queue
[2025-11-30T15:26:47.493+0000] {logging_mixin.py:188} INFO - [2025-11-30T15:26:47.492+0000] {dagbag.py:545} INFO - Filling up the DagBag from /opt/airflow/dags/waste_etl_dag.py
[2025-11-30T15:26:47.509+0000] {processor.py:840} INFO - DAG(s) 'climate_etl' retrieved from /opt/airflow/dags/waste_etl_dag.py
[2025-11-30T15:26:47.532+0000] {logging_mixin.py:188} INFO - [2025-11-30T15:26:47.532+0000] {dag.py:3096} INFO - Sync 1 DAGs
[2025-11-30T15:26:47.548+0000] {logging_mixin.py:188} INFO - [2025-11-30T15:26:47.548+0000] {dag.py:3954} INFO - Setting next_dagrun for climate_etl to 2025-11-29 00:00:00+00:00, run_after=2025-11-30 00:00:00+00:00
[2025-11-30T15:26:47.573+0000] {processor.py:183} INFO - Processing /opt/airflow/dags/waste_etl_dag.py took 0.090 seconds
[2025-11-30T15:27:17.705+0000] {processor.py:161} INFO - Started process (PID=48) to work on /opt/airflow/dags/waste_etl_dag.py
[2025-11-30T15:27:17.706+0000] {processor.py:830} INFO - Processing file /opt/airflow/dags/waste_etl_dag.py for tasks to queue
[2025-11-30T15:27:17.708+0000] {logging_mixin.py:188} INFO - [2025-11-30T15:27:17.708+0000] {dagbag.py:545} INFO - Filling up the DagBag from /opt/airflow/dags/waste_etl_dag.py
[2025-11-30T15:27:17.729+0000] {processor.py:840} INFO - DAG(s) 'climate_etl' retrieved from /opt/airflow/dags/waste_etl_dag.py
[2025-11-30T15:27:17.755+0000] {logging_mixin.py:188} INFO - [2025-11-30T15:27:17.755+0000] {dag.py:3096} INFO - Sync 1 DAGs
[2025-11-30T15:27:17.774+0000] {logging_mixin.py:188} INFO - [2025-11-30T15:27:17.774+0000] {dag.py:3954} INFO - Setting next_dagrun for climate_etl to 2025-11-29 00:00:00+00:00, run_after=2025-11-30 00:00:00+00:00
[2025-11-30T15:27:17.805+0000] {processor.py:183} INFO - Processing /opt/airflow/dags/waste_etl_dag.py took 0.108 seconds
[2025-11-30T15:27:48.583+0000] {processor.py:161} INFO - Started process (PID=49) to work on /opt/airflow/dags/waste_etl_dag.py
[2025-11-30T15:27:48.584+0000] {processor.py:830} INFO - Processing file /opt/airflow/dags/waste_etl_dag.py for tasks to queue
[2025-11-30T15:27:48.586+0000] {logging_mixin.py:188} INFO - [2025-11-30T15:27:48.586+0000] {dagbag.py:545} INFO - Filling up the DagBag from /opt/airflow/dags/waste_etl_dag.py
[2025-11-30T15:27:48.602+0000] {processor.py:840} INFO - DAG(s) 'climate_etl' retrieved from /opt/airflow/dags/waste_etl_dag.py
[2025-11-30T15:27:48.618+0000] {logging_mixin.py:188} INFO - [2025-11-30T15:27:48.618+0000] {dag.py:3096} INFO - Sync 1 DAGs
[2025-11-30T15:27:48.634+0000] {logging_mixin.py:188} INFO - [2025-11-30T15:27:48.634+0000] {dag.py:3954} INFO - Setting next_dagrun for climate_etl to 2025-11-29 00:00:00+00:00, run_after=2025-11-30 00:00:00+00:00
[2025-11-30T15:27:48.661+0000] {processor.py:183} INFO - Processing /opt/airflow/dags/waste_etl_dag.py took 0.085 seconds
[2025-11-30T15:28:19.501+0000] {processor.py:161} INFO - Started process (PID=50) to work on /opt/airflow/dags/waste_etl_dag.py
[2025-11-30T15:28:19.504+0000] {processor.py:830} INFO - Processing file /opt/airflow/dags/waste_etl_dag.py for tasks to queue
[2025-11-30T15:28:19.508+0000] {logging_mixin.py:188} INFO - [2025-11-30T15:28:19.507+0000] {dagbag.py:545} INFO - Filling up the DagBag from /opt/airflow/dags/waste_etl_dag.py
[2025-11-30T15:28:19.543+0000] {processor.py:840} INFO - DAG(s) 'climate_etl' retrieved from /opt/airflow/dags/waste_etl_dag.py
[2025-11-30T15:28:19.597+0000] {logging_mixin.py:188} INFO - [2025-11-30T15:28:19.597+0000] {dag.py:3096} INFO - Sync 1 DAGs
[2025-11-30T15:28:19.626+0000] {logging_mixin.py:188} INFO - [2025-11-30T15:28:19.626+0000] {dag.py:3954} INFO - Setting next_dagrun for climate_etl to 2025-11-29 00:00:00+00:00, run_after=2025-11-30 00:00:00+00:00
[2025-11-30T15:28:19.664+0000] {processor.py:183} INFO - Processing /opt/airflow/dags/waste_etl_dag.py took 0.183 seconds
[2025-11-30T15:28:50.607+0000] {processor.py:161} INFO - Started process (PID=51) to work on /opt/airflow/dags/waste_etl_dag.py
[2025-11-30T15:28:50.609+0000] {processor.py:830} INFO - Processing file /opt/airflow/dags/waste_etl_dag.py for tasks to queue
[2025-11-30T15:28:50.612+0000] {logging_mixin.py:188} INFO - [2025-11-30T15:28:50.612+0000] {dagbag.py:545} INFO - Filling up the DagBag from /opt/airflow/dags/waste_etl_dag.py
[2025-11-30T15:28:50.639+0000] {processor.py:840} INFO - DAG(s) 'climate_etl' retrieved from /opt/airflow/dags/waste_etl_dag.py
[2025-11-30T15:28:50.676+0000] {logging_mixin.py:188} INFO - [2025-11-30T15:28:50.675+0000] {dag.py:3096} INFO - Sync 1 DAGs
[2025-11-30T15:28:50.702+0000] {logging_mixin.py:188} INFO - [2025-11-30T15:28:50.701+0000] {dag.py:3954} INFO - Setting next_dagrun for climate_etl to 2025-11-29 00:00:00+00:00, run_after=2025-11-30 00:00:00+00:00
[2025-11-30T15:28:50.748+0000] {processor.py:183} INFO - Processing /opt/airflow/dags/waste_etl_dag.py took 0.148 seconds
[2025-11-30T15:29:21.260+0000] {processor.py:161} INFO - Started process (PID=52) to work on /opt/airflow/dags/waste_etl_dag.py
[2025-11-30T15:29:21.261+0000] {processor.py:830} INFO - Processing file /opt/airflow/dags/waste_etl_dag.py for tasks to queue
[2025-11-30T15:29:21.263+0000] {logging_mixin.py:188} INFO - [2025-11-30T15:29:21.262+0000] {dagbag.py:545} INFO - Filling up the DagBag from /opt/airflow/dags/waste_etl_dag.py
[2025-11-30T15:29:21.278+0000] {processor.py:840} INFO - DAG(s) 'climate_etl' retrieved from /opt/airflow/dags/waste_etl_dag.py
[2025-11-30T15:29:21.299+0000] {logging_mixin.py:188} INFO - [2025-11-30T15:29:21.299+0000] {dag.py:3096} INFO - Sync 1 DAGs
[2025-11-30T15:29:21.317+0000] {logging_mixin.py:188} INFO - [2025-11-30T15:29:21.317+0000] {dag.py:3954} INFO - Setting next_dagrun for climate_etl to 2025-11-29 00:00:00+00:00, run_after=2025-11-30 00:00:00+00:00
[2025-11-30T15:29:21.341+0000] {processor.py:183} INFO - Processing /opt/airflow/dags/waste_etl_dag.py took 0.086 seconds
[2025-11-30T15:29:51.670+0000] {processor.py:161} INFO - Started process (PID=53) to work on /opt/airflow/dags/waste_etl_dag.py
[2025-11-30T15:29:51.671+0000] {processor.py:830} INFO - Processing file /opt/airflow/dags/waste_etl_dag.py for tasks to queue
[2025-11-30T15:29:51.673+0000] {logging_mixin.py:188} INFO - [2025-11-30T15:29:51.673+0000] {dagbag.py:545} INFO - Filling up the DagBag from /opt/airflow/dags/waste_etl_dag.py
[2025-11-30T15:29:51.692+0000] {processor.py:840} INFO - DAG(s) 'climate_etl' retrieved from /opt/airflow/dags/waste_etl_dag.py
[2025-11-30T15:29:51.712+0000] {logging_mixin.py:188} INFO - [2025-11-30T15:29:51.712+0000] {dag.py:3096} INFO - Sync 1 DAGs
[2025-11-30T15:29:51.730+0000] {logging_mixin.py:188} INFO - [2025-11-30T15:29:51.730+0000] {dag.py:3954} INFO - Setting next_dagrun for climate_etl to 2025-11-29 00:00:00+00:00, run_after=2025-11-30 00:00:00+00:00
[2025-11-30T15:29:51.767+0000] {processor.py:183} INFO - Processing /opt/airflow/dags/waste_etl_dag.py took 0.104 seconds
[2025-11-30T15:30:22.525+0000] {processor.py:161} INFO - Started process (PID=54) to work on /opt/airflow/dags/waste_etl_dag.py
[2025-11-30T15:30:22.526+0000] {processor.py:830} INFO - Processing file /opt/airflow/dags/waste_etl_dag.py for tasks to queue
[2025-11-30T15:30:22.529+0000] {logging_mixin.py:188} INFO - [2025-11-30T15:30:22.529+0000] {dagbag.py:545} INFO - Filling up the DagBag from /opt/airflow/dags/waste_etl_dag.py
[2025-11-30T15:30:22.546+0000] {processor.py:840} INFO - DAG(s) 'climate_etl' retrieved from /opt/airflow/dags/waste_etl_dag.py
[2025-11-30T15:30:22.563+0000] {logging_mixin.py:188} INFO - [2025-11-30T15:30:22.563+0000] {dag.py:3096} INFO - Sync 1 DAGs
[2025-11-30T15:30:22.578+0000] {logging_mixin.py:188} INFO - [2025-11-30T15:30:22.578+0000] {dag.py:3954} INFO - Setting next_dagrun for climate_etl to 2025-11-29 00:00:00+00:00, run_after=2025-11-30 00:00:00+00:00
[2025-11-30T15:30:22.605+0000] {processor.py:183} INFO - Processing /opt/airflow/dags/waste_etl_dag.py took 0.084 seconds
[2025-11-30T15:30:52.854+0000] {processor.py:161} INFO - Started process (PID=55) to work on /opt/airflow/dags/waste_etl_dag.py
[2025-11-30T15:30:52.855+0000] {processor.py:830} INFO - Processing file /opt/airflow/dags/waste_etl_dag.py for tasks to queue
[2025-11-30T15:30:52.856+0000] {logging_mixin.py:188} INFO - [2025-11-30T15:30:52.856+0000] {dagbag.py:545} INFO - Filling up the DagBag from /opt/airflow/dags/waste_etl_dag.py
[2025-11-30T15:30:52.872+0000] {processor.py:840} INFO - DAG(s) 'climate_etl' retrieved from /opt/airflow/dags/waste_etl_dag.py
[2025-11-30T15:30:52.892+0000] {logging_mixin.py:188} INFO - [2025-11-30T15:30:52.891+0000] {dag.py:3096} INFO - Sync 1 DAGs
[2025-11-30T15:30:52.911+0000] {logging_mixin.py:188} INFO - [2025-11-30T15:30:52.911+0000] {dag.py:3954} INFO - Setting next_dagrun for climate_etl to 2025-11-29 00:00:00+00:00, run_after=2025-11-30 00:00:00+00:00
[2025-11-30T15:30:52.942+0000] {processor.py:183} INFO - Processing /opt/airflow/dags/waste_etl_dag.py took 0.093 seconds
[2025-11-30T15:31:23.770+0000] {processor.py:161} INFO - Started process (PID=56) to work on /opt/airflow/dags/waste_etl_dag.py
[2025-11-30T15:31:23.771+0000] {processor.py:830} INFO - Processing file /opt/airflow/dags/waste_etl_dag.py for tasks to queue
[2025-11-30T15:31:23.772+0000] {logging_mixin.py:188} INFO - [2025-11-30T15:31:23.772+0000] {dagbag.py:545} INFO - Filling up the DagBag from /opt/airflow/dags/waste_etl_dag.py
[2025-11-30T15:31:23.790+0000] {processor.py:840} INFO - DAG(s) 'climate_etl' retrieved from /opt/airflow/dags/waste_etl_dag.py
[2025-11-30T15:31:23.810+0000] {logging_mixin.py:188} INFO - [2025-11-30T15:31:23.810+0000] {dag.py:3096} INFO - Sync 1 DAGs
[2025-11-30T15:31:23.826+0000] {logging_mixin.py:188} INFO - [2025-11-30T15:31:23.825+0000] {dag.py:3954} INFO - Setting next_dagrun for climate_etl to 2025-11-29 00:00:00+00:00, run_after=2025-11-30 00:00:00+00:00
[2025-11-30T15:31:23.860+0000] {processor.py:183} INFO - Processing /opt/airflow/dags/waste_etl_dag.py took 0.095 seconds
[2025-11-30T15:31:54.468+0000] {processor.py:161} INFO - Started process (PID=57) to work on /opt/airflow/dags/waste_etl_dag.py
[2025-11-30T15:31:54.469+0000] {processor.py:830} INFO - Processing file /opt/airflow/dags/waste_etl_dag.py for tasks to queue
[2025-11-30T15:31:54.471+0000] {logging_mixin.py:188} INFO - [2025-11-30T15:31:54.471+0000] {dagbag.py:545} INFO - Filling up the DagBag from /opt/airflow/dags/waste_etl_dag.py
[2025-11-30T15:31:54.487+0000] {processor.py:840} INFO - DAG(s) 'climate_etl' retrieved from /opt/airflow/dags/waste_etl_dag.py
[2025-11-30T15:31:54.503+0000] {logging_mixin.py:188} INFO - [2025-11-30T15:31:54.503+0000] {dag.py:3096} INFO - Sync 1 DAGs
[2025-11-30T15:31:54.519+0000] {logging_mixin.py:188} INFO - [2025-11-30T15:31:54.518+0000] {dag.py:3954} INFO - Setting next_dagrun for climate_etl to 2025-11-29 00:00:00+00:00, run_after=2025-11-30 00:00:00+00:00
[2025-11-30T15:31:54.554+0000] {processor.py:183} INFO - Processing /opt/airflow/dags/waste_etl_dag.py took 0.090 seconds
[2025-11-30T15:32:24.906+0000] {processor.py:161} INFO - Started process (PID=58) to work on /opt/airflow/dags/waste_etl_dag.py
[2025-11-30T15:32:24.907+0000] {processor.py:830} INFO - Processing file /opt/airflow/dags/waste_etl_dag.py for tasks to queue
[2025-11-30T15:32:24.908+0000] {logging_mixin.py:188} INFO - [2025-11-30T15:32:24.908+0000] {dagbag.py:545} INFO - Filling up the DagBag from /opt/airflow/dags/waste_etl_dag.py
[2025-11-30T15:32:24.926+0000] {processor.py:840} INFO - DAG(s) 'climate_etl' retrieved from /opt/airflow/dags/waste_etl_dag.py
[2025-11-30T15:32:24.944+0000] {logging_mixin.py:188} INFO - [2025-11-30T15:32:24.944+0000] {dag.py:3096} INFO - Sync 1 DAGs
[2025-11-30T15:32:24.960+0000] {logging_mixin.py:188} INFO - [2025-11-30T15:32:24.960+0000] {dag.py:3954} INFO - Setting next_dagrun for climate_etl to 2025-11-29 00:00:00+00:00, run_after=2025-11-30 00:00:00+00:00
[2025-11-30T15:32:24.997+0000] {processor.py:183} INFO - Processing /opt/airflow/dags/waste_etl_dag.py took 0.098 seconds
[2025-11-30T15:32:56.059+0000] {processor.py:161} INFO - Started process (PID=59) to work on /opt/airflow/dags/waste_etl_dag.py
[2025-11-30T15:32:56.060+0000] {processor.py:830} INFO - Processing file /opt/airflow/dags/waste_etl_dag.py for tasks to queue
[2025-11-30T15:32:56.061+0000] {logging_mixin.py:188} INFO - [2025-11-30T15:32:56.061+0000] {dagbag.py:545} INFO - Filling up the DagBag from /opt/airflow/dags/waste_etl_dag.py
[2025-11-30T15:32:56.078+0000] {processor.py:840} INFO - DAG(s) 'climate_etl' retrieved from /opt/airflow/dags/waste_etl_dag.py
[2025-11-30T15:32:56.093+0000] {logging_mixin.py:188} INFO - [2025-11-30T15:32:56.093+0000] {dag.py:3096} INFO - Sync 1 DAGs
[2025-11-30T15:32:56.113+0000] {logging_mixin.py:188} INFO - [2025-11-30T15:32:56.113+0000] {dag.py:3954} INFO - Setting next_dagrun for climate_etl to 2025-11-29 00:00:00+00:00, run_after=2025-11-30 00:00:00+00:00
[2025-11-30T15:32:56.141+0000] {processor.py:183} INFO - Processing /opt/airflow/dags/waste_etl_dag.py took 0.086 seconds
[2025-11-30T15:33:26.420+0000] {processor.py:161} INFO - Started process (PID=60) to work on /opt/airflow/dags/waste_etl_dag.py
[2025-11-30T15:33:26.421+0000] {processor.py:830} INFO - Processing file /opt/airflow/dags/waste_etl_dag.py for tasks to queue
[2025-11-30T15:33:26.422+0000] {logging_mixin.py:188} INFO - [2025-11-30T15:33:26.422+0000] {dagbag.py:545} INFO - Filling up the DagBag from /opt/airflow/dags/waste_etl_dag.py
[2025-11-30T15:33:26.436+0000] {processor.py:840} INFO - DAG(s) 'climate_etl' retrieved from /opt/airflow/dags/waste_etl_dag.py
[2025-11-30T15:33:26.452+0000] {logging_mixin.py:188} INFO - [2025-11-30T15:33:26.452+0000] {dag.py:3096} INFO - Sync 1 DAGs
[2025-11-30T15:33:26.466+0000] {logging_mixin.py:188} INFO - [2025-11-30T15:33:26.466+0000] {dag.py:3954} INFO - Setting next_dagrun for climate_etl to 2025-11-29 00:00:00+00:00, run_after=2025-11-30 00:00:00+00:00
[2025-11-30T15:33:26.500+0000] {processor.py:183} INFO - Processing /opt/airflow/dags/waste_etl_dag.py took 0.085 seconds
[2025-11-30T15:33:57.323+0000] {processor.py:161} INFO - Started process (PID=61) to work on /opt/airflow/dags/waste_etl_dag.py
[2025-11-30T15:33:57.324+0000] {processor.py:830} INFO - Processing file /opt/airflow/dags/waste_etl_dag.py for tasks to queue
[2025-11-30T15:33:57.326+0000] {logging_mixin.py:188} INFO - [2025-11-30T15:33:57.325+0000] {dagbag.py:545} INFO - Filling up the DagBag from /opt/airflow/dags/waste_etl_dag.py
[2025-11-30T15:33:57.341+0000] {processor.py:840} INFO - DAG(s) 'climate_etl' retrieved from /opt/airflow/dags/waste_etl_dag.py
[2025-11-30T15:33:57.357+0000] {logging_mixin.py:188} INFO - [2025-11-30T15:33:57.357+0000] {dag.py:3096} INFO - Sync 1 DAGs
[2025-11-30T15:33:57.371+0000] {logging_mixin.py:188} INFO - [2025-11-30T15:33:57.371+0000] {dag.py:3954} INFO - Setting next_dagrun for climate_etl to 2025-11-29 00:00:00+00:00, run_after=2025-11-30 00:00:00+00:00
[2025-11-30T15:33:57.406+0000] {processor.py:183} INFO - Processing /opt/airflow/dags/waste_etl_dag.py took 0.089 seconds
[2025-11-30T15:34:27.464+0000] {processor.py:161} INFO - Started process (PID=62) to work on /opt/airflow/dags/waste_etl_dag.py
[2025-11-30T15:34:27.465+0000] {processor.py:830} INFO - Processing file /opt/airflow/dags/waste_etl_dag.py for tasks to queue
[2025-11-30T15:34:27.467+0000] {logging_mixin.py:188} INFO - [2025-11-30T15:34:27.467+0000] {dagbag.py:545} INFO - Filling up the DagBag from /opt/airflow/dags/waste_etl_dag.py
[2025-11-30T15:34:27.489+0000] {processor.py:840} INFO - DAG(s) 'climate_etl' retrieved from /opt/airflow/dags/waste_etl_dag.py
[2025-11-30T15:34:27.514+0000] {logging_mixin.py:188} INFO - [2025-11-30T15:34:27.513+0000] {dag.py:3096} INFO - Sync 1 DAGs
[2025-11-30T15:34:27.534+0000] {logging_mixin.py:188} INFO - [2025-11-30T15:34:27.534+0000] {dag.py:3954} INFO - Setting next_dagrun for climate_etl to 2025-11-29 00:00:00+00:00, run_after=2025-11-30 00:00:00+00:00
[2025-11-30T15:34:27.566+0000] {processor.py:183} INFO - Processing /opt/airflow/dags/waste_etl_dag.py took 0.109 seconds
[2025-11-30T15:34:58.653+0000] {processor.py:161} INFO - Started process (PID=63) to work on /opt/airflow/dags/waste_etl_dag.py
[2025-11-30T15:34:58.655+0000] {processor.py:830} INFO - Processing file /opt/airflow/dags/waste_etl_dag.py for tasks to queue
[2025-11-30T15:34:58.657+0000] {logging_mixin.py:188} INFO - [2025-11-30T15:34:58.656+0000] {dagbag.py:545} INFO - Filling up the DagBag from /opt/airflow/dags/waste_etl_dag.py
[2025-11-30T15:34:58.676+0000] {processor.py:840} INFO - DAG(s) 'climate_etl' retrieved from /opt/airflow/dags/waste_etl_dag.py
[2025-11-30T15:34:58.698+0000] {logging_mixin.py:188} INFO - [2025-11-30T15:34:58.698+0000] {dag.py:3096} INFO - Sync 1 DAGs
[2025-11-30T15:34:58.718+0000] {logging_mixin.py:188} INFO - [2025-11-30T15:34:58.717+0000] {dag.py:3954} INFO - Setting next_dagrun for climate_etl to 2025-11-29 00:00:00+00:00, run_after=2025-11-30 00:00:00+00:00
[2025-11-30T15:34:58.744+0000] {processor.py:183} INFO - Processing /opt/airflow/dags/waste_etl_dag.py took 0.096 seconds
[2025-11-30T15:35:29.628+0000] {processor.py:161} INFO - Started process (PID=64) to work on /opt/airflow/dags/waste_etl_dag.py
[2025-11-30T15:35:29.629+0000] {processor.py:830} INFO - Processing file /opt/airflow/dags/waste_etl_dag.py for tasks to queue
[2025-11-30T15:35:29.631+0000] {logging_mixin.py:188} INFO - [2025-11-30T15:35:29.631+0000] {dagbag.py:545} INFO - Filling up the DagBag from /opt/airflow/dags/waste_etl_dag.py
[2025-11-30T15:35:29.652+0000] {processor.py:840} INFO - DAG(s) 'climate_etl' retrieved from /opt/airflow/dags/waste_etl_dag.py
[2025-11-30T15:35:29.676+0000] {logging_mixin.py:188} INFO - [2025-11-30T15:35:29.676+0000] {dag.py:3096} INFO - Sync 1 DAGs
[2025-11-30T15:35:29.695+0000] {logging_mixin.py:188} INFO - [2025-11-30T15:35:29.695+0000] {dag.py:3954} INFO - Setting next_dagrun for climate_etl to 2025-11-29 00:00:00+00:00, run_after=2025-11-30 00:00:00+00:00
[2025-11-30T15:35:29.724+0000] {processor.py:183} INFO - Processing /opt/airflow/dags/waste_etl_dag.py took 0.101 seconds
[2025-11-30T15:35:59.952+0000] {processor.py:161} INFO - Started process (PID=65) to work on /opt/airflow/dags/waste_etl_dag.py
[2025-11-30T15:35:59.953+0000] {processor.py:830} INFO - Processing file /opt/airflow/dags/waste_etl_dag.py for tasks to queue
[2025-11-30T15:35:59.955+0000] {logging_mixin.py:188} INFO - [2025-11-30T15:35:59.954+0000] {dagbag.py:545} INFO - Filling up the DagBag from /opt/airflow/dags/waste_etl_dag.py
[2025-11-30T15:35:59.974+0000] {processor.py:840} INFO - DAG(s) 'climate_etl' retrieved from /opt/airflow/dags/waste_etl_dag.py
[2025-11-30T15:35:59.995+0000] {logging_mixin.py:188} INFO - [2025-11-30T15:35:59.995+0000] {dag.py:3096} INFO - Sync 1 DAGs
[2025-11-30T15:36:00.011+0000] {logging_mixin.py:188} INFO - [2025-11-30T15:36:00.010+0000] {dag.py:3954} INFO - Setting next_dagrun for climate_etl to 2025-11-29 00:00:00+00:00, run_after=2025-11-30 00:00:00+00:00
[2025-11-30T15:36:00.036+0000] {processor.py:183} INFO - Processing /opt/airflow/dags/waste_etl_dag.py took 0.090 seconds
[2025-11-30T15:36:31.076+0000] {processor.py:161} INFO - Started process (PID=66) to work on /opt/airflow/dags/waste_etl_dag.py
[2025-11-30T15:36:31.077+0000] {processor.py:830} INFO - Processing file /opt/airflow/dags/waste_etl_dag.py for tasks to queue
[2025-11-30T15:36:31.079+0000] {logging_mixin.py:188} INFO - [2025-11-30T15:36:31.078+0000] {dagbag.py:545} INFO - Filling up the DagBag from /opt/airflow/dags/waste_etl_dag.py
[2025-11-30T15:36:31.096+0000] {processor.py:840} INFO - DAG(s) 'climate_etl' retrieved from /opt/airflow/dags/waste_etl_dag.py
[2025-11-30T15:36:31.117+0000] {logging_mixin.py:188} INFO - [2025-11-30T15:36:31.117+0000] {dag.py:3096} INFO - Sync 1 DAGs
[2025-11-30T15:36:31.133+0000] {logging_mixin.py:188} INFO - [2025-11-30T15:36:31.133+0000] {dag.py:3954} INFO - Setting next_dagrun for climate_etl to 2025-11-29 00:00:00+00:00, run_after=2025-11-30 00:00:00+00:00
[2025-11-30T15:36:31.163+0000] {processor.py:183} INFO - Processing /opt/airflow/dags/waste_etl_dag.py took 0.092 seconds
[2025-11-30T15:37:01.480+0000] {processor.py:161} INFO - Started process (PID=67) to work on /opt/airflow/dags/waste_etl_dag.py
[2025-11-30T15:37:01.481+0000] {processor.py:830} INFO - Processing file /opt/airflow/dags/waste_etl_dag.py for tasks to queue
[2025-11-30T15:37:01.483+0000] {logging_mixin.py:188} INFO - [2025-11-30T15:37:01.483+0000] {dagbag.py:545} INFO - Filling up the DagBag from /opt/airflow/dags/waste_etl_dag.py
[2025-11-30T15:37:01.504+0000] {processor.py:840} INFO - DAG(s) 'climate_etl' retrieved from /opt/airflow/dags/waste_etl_dag.py
[2025-11-30T15:37:01.525+0000] {logging_mixin.py:188} INFO - [2025-11-30T15:37:01.525+0000] {dag.py:3096} INFO - Sync 1 DAGs
[2025-11-30T15:37:01.543+0000] {logging_mixin.py:188} INFO - [2025-11-30T15:37:01.543+0000] {dag.py:3954} INFO - Setting next_dagrun for climate_etl to 2025-11-29 00:00:00+00:00, run_after=2025-11-30 00:00:00+00:00
[2025-11-30T15:37:01.580+0000] {processor.py:183} INFO - Processing /opt/airflow/dags/waste_etl_dag.py took 0.106 seconds
[2025-11-30T15:37:32.489+0000] {processor.py:161} INFO - Started process (PID=68) to work on /opt/airflow/dags/waste_etl_dag.py
[2025-11-30T15:37:32.490+0000] {processor.py:830} INFO - Processing file /opt/airflow/dags/waste_etl_dag.py for tasks to queue
[2025-11-30T15:37:32.492+0000] {logging_mixin.py:188} INFO - [2025-11-30T15:37:32.492+0000] {dagbag.py:545} INFO - Filling up the DagBag from /opt/airflow/dags/waste_etl_dag.py
[2025-11-30T15:37:32.510+0000] {processor.py:840} INFO - DAG(s) 'climate_etl' retrieved from /opt/airflow/dags/waste_etl_dag.py
[2025-11-30T15:37:32.532+0000] {logging_mixin.py:188} INFO - [2025-11-30T15:37:32.532+0000] {dag.py:3096} INFO - Sync 1 DAGs
[2025-11-30T15:37:32.550+0000] {logging_mixin.py:188} INFO - [2025-11-30T15:37:32.549+0000] {dag.py:3954} INFO - Setting next_dagrun for climate_etl to 2025-11-29 00:00:00+00:00, run_after=2025-11-30 00:00:00+00:00
[2025-11-30T15:37:32.569+0000] {processor.py:183} INFO - Processing /opt/airflow/dags/waste_etl_dag.py took 0.085 seconds
[2025-11-30T15:38:03.369+0000] {processor.py:161} INFO - Started process (PID=69) to work on /opt/airflow/dags/waste_etl_dag.py
[2025-11-30T15:38:03.370+0000] {processor.py:830} INFO - Processing file /opt/airflow/dags/waste_etl_dag.py for tasks to queue
[2025-11-30T15:38:03.372+0000] {logging_mixin.py:188} INFO - [2025-11-30T15:38:03.372+0000] {dagbag.py:545} INFO - Filling up the DagBag from /opt/airflow/dags/waste_etl_dag.py
[2025-11-30T15:38:03.391+0000] {processor.py:840} INFO - DAG(s) 'climate_etl' retrieved from /opt/airflow/dags/waste_etl_dag.py
[2025-11-30T15:38:03.412+0000] {logging_mixin.py:188} INFO - [2025-11-30T15:38:03.412+0000] {dag.py:3096} INFO - Sync 1 DAGs
[2025-11-30T15:38:03.430+0000] {logging_mixin.py:188} INFO - [2025-11-30T15:38:03.430+0000] {dag.py:3954} INFO - Setting next_dagrun for climate_etl to 2025-11-29 00:00:00+00:00, run_after=2025-11-30 00:00:00+00:00
[2025-11-30T15:38:03.456+0000] {processor.py:183} INFO - Processing /opt/airflow/dags/waste_etl_dag.py took 0.093 seconds
[2025-11-30T15:38:33.724+0000] {processor.py:161} INFO - Started process (PID=70) to work on /opt/airflow/dags/waste_etl_dag.py
[2025-11-30T15:38:33.726+0000] {processor.py:830} INFO - Processing file /opt/airflow/dags/waste_etl_dag.py for tasks to queue
[2025-11-30T15:38:33.727+0000] {logging_mixin.py:188} INFO - [2025-11-30T15:38:33.727+0000] {dagbag.py:545} INFO - Filling up the DagBag from /opt/airflow/dags/waste_etl_dag.py
[2025-11-30T15:38:33.749+0000] {processor.py:840} INFO - DAG(s) 'climate_etl' retrieved from /opt/airflow/dags/waste_etl_dag.py
[2025-11-30T15:38:33.774+0000] {logging_mixin.py:188} INFO - [2025-11-30T15:38:33.774+0000] {dag.py:3096} INFO - Sync 1 DAGs
[2025-11-30T15:38:33.793+0000] {logging_mixin.py:188} INFO - [2025-11-30T15:38:33.792+0000] {dag.py:3954} INFO - Setting next_dagrun for climate_etl to 2025-11-29 00:00:00+00:00, run_after=2025-11-30 00:00:00+00:00
[2025-11-30T15:38:33.823+0000] {processor.py:183} INFO - Processing /opt/airflow/dags/waste_etl_dag.py took 0.104 seconds
[2025-11-30T15:39:04.184+0000] {processor.py:161} INFO - Started process (PID=71) to work on /opt/airflow/dags/waste_etl_dag.py
[2025-11-30T15:39:04.185+0000] {processor.py:830} INFO - Processing file /opt/airflow/dags/waste_etl_dag.py for tasks to queue
[2025-11-30T15:39:04.187+0000] {logging_mixin.py:188} INFO - [2025-11-30T15:39:04.187+0000] {dagbag.py:545} INFO - Filling up the DagBag from /opt/airflow/dags/waste_etl_dag.py
[2025-11-30T15:39:04.201+0000] {processor.py:840} INFO - DAG(s) 'climate_etl' retrieved from /opt/airflow/dags/waste_etl_dag.py
[2025-11-30T15:39:04.220+0000] {logging_mixin.py:188} INFO - [2025-11-30T15:39:04.219+0000] {dag.py:3096} INFO - Sync 1 DAGs
[2025-11-30T15:39:04.241+0000] {logging_mixin.py:188} INFO - [2025-11-30T15:39:04.241+0000] {dag.py:3954} INFO - Setting next_dagrun for climate_etl to 2025-11-29 00:00:00+00:00, run_after=2025-11-30 00:00:00+00:00
[2025-11-30T15:39:04.271+0000] {processor.py:183} INFO - Processing /opt/airflow/dags/waste_etl_dag.py took 0.091 seconds
[2025-11-30T15:39:35.093+0000] {processor.py:161} INFO - Started process (PID=72) to work on /opt/airflow/dags/waste_etl_dag.py
[2025-11-30T15:39:35.094+0000] {processor.py:830} INFO - Processing file /opt/airflow/dags/waste_etl_dag.py for tasks to queue
[2025-11-30T15:39:35.095+0000] {logging_mixin.py:188} INFO - [2025-11-30T15:39:35.095+0000] {dagbag.py:545} INFO - Filling up the DagBag from /opt/airflow/dags/waste_etl_dag.py
[2025-11-30T15:39:35.111+0000] {processor.py:840} INFO - DAG(s) 'climate_etl' retrieved from /opt/airflow/dags/waste_etl_dag.py
[2025-11-30T15:39:35.132+0000] {logging_mixin.py:188} INFO - [2025-11-30T15:39:35.131+0000] {dag.py:3096} INFO - Sync 1 DAGs
[2025-11-30T15:39:35.148+0000] {logging_mixin.py:188} INFO - [2025-11-30T15:39:35.148+0000] {dag.py:3954} INFO - Setting next_dagrun for climate_etl to 2025-11-29 00:00:00+00:00, run_after=2025-11-30 00:00:00+00:00
[2025-11-30T15:39:35.179+0000] {processor.py:183} INFO - Processing /opt/airflow/dags/waste_etl_dag.py took 0.091 seconds
[2025-11-30T15:40:05.271+0000] {processor.py:161} INFO - Started process (PID=73) to work on /opt/airflow/dags/waste_etl_dag.py
[2025-11-30T15:40:05.272+0000] {processor.py:830} INFO - Processing file /opt/airflow/dags/waste_etl_dag.py for tasks to queue
[2025-11-30T15:40:05.273+0000] {logging_mixin.py:188} INFO - [2025-11-30T15:40:05.273+0000] {dagbag.py:545} INFO - Filling up the DagBag from /opt/airflow/dags/waste_etl_dag.py
[2025-11-30T15:40:05.289+0000] {processor.py:840} INFO - DAG(s) 'climate_etl' retrieved from /opt/airflow/dags/waste_etl_dag.py
[2025-11-30T15:40:05.309+0000] {logging_mixin.py:188} INFO - [2025-11-30T15:40:05.309+0000] {dag.py:3096} INFO - Sync 1 DAGs
[2025-11-30T15:40:05.325+0000] {logging_mixin.py:188} INFO - [2025-11-30T15:40:05.325+0000] {dag.py:3954} INFO - Setting next_dagrun for climate_etl to 2025-11-29 00:00:00+00:00, run_after=2025-11-30 00:00:00+00:00
[2025-11-30T15:40:05.349+0000] {processor.py:183} INFO - Processing /opt/airflow/dags/waste_etl_dag.py took 0.084 seconds
[2025-11-30T15:40:36.066+0000] {processor.py:161} INFO - Started process (PID=74) to work on /opt/airflow/dags/waste_etl_dag.py
[2025-11-30T15:40:36.067+0000] {processor.py:830} INFO - Processing file /opt/airflow/dags/waste_etl_dag.py for tasks to queue
[2025-11-30T15:40:36.069+0000] {logging_mixin.py:188} INFO - [2025-11-30T15:40:36.068+0000] {dagbag.py:545} INFO - Filling up the DagBag from /opt/airflow/dags/waste_etl_dag.py
[2025-11-30T15:40:36.087+0000] {processor.py:840} INFO - DAG(s) 'climate_etl' retrieved from /opt/airflow/dags/waste_etl_dag.py
[2025-11-30T15:40:36.108+0000] {logging_mixin.py:188} INFO - [2025-11-30T15:40:36.108+0000] {dag.py:3096} INFO - Sync 1 DAGs
[2025-11-30T15:40:36.130+0000] {logging_mixin.py:188} INFO - [2025-11-30T15:40:36.129+0000] {dag.py:3954} INFO - Setting next_dagrun for climate_etl to 2025-11-29 00:00:00+00:00, run_after=2025-11-30 00:00:00+00:00
[2025-11-30T15:40:36.161+0000] {processor.py:183} INFO - Processing /opt/airflow/dags/waste_etl_dag.py took 0.101 seconds
[2025-11-30T15:41:07.240+0000] {processor.py:161} INFO - Started process (PID=75) to work on /opt/airflow/dags/waste_etl_dag.py
[2025-11-30T15:41:07.241+0000] {processor.py:830} INFO - Processing file /opt/airflow/dags/waste_etl_dag.py for tasks to queue
[2025-11-30T15:41:07.243+0000] {logging_mixin.py:188} INFO - [2025-11-30T15:41:07.243+0000] {dagbag.py:545} INFO - Filling up the DagBag from /opt/airflow/dags/waste_etl_dag.py
[2025-11-30T15:41:07.262+0000] {processor.py:840} INFO - DAG(s) 'climate_etl' retrieved from /opt/airflow/dags/waste_etl_dag.py
[2025-11-30T15:41:07.281+0000] {logging_mixin.py:188} INFO - [2025-11-30T15:41:07.281+0000] {dag.py:3096} INFO - Sync 1 DAGs
[2025-11-30T15:41:07.299+0000] {logging_mixin.py:188} INFO - [2025-11-30T15:41:07.299+0000] {dag.py:3954} INFO - Setting next_dagrun for climate_etl to 2025-11-29 00:00:00+00:00, run_after=2025-11-30 00:00:00+00:00
[2025-11-30T15:41:07.327+0000] {processor.py:183} INFO - Processing /opt/airflow/dags/waste_etl_dag.py took 0.093 seconds
[2025-11-30T15:41:37.663+0000] {processor.py:161} INFO - Started process (PID=76) to work on /opt/airflow/dags/waste_etl_dag.py
[2025-11-30T15:41:37.665+0000] {processor.py:830} INFO - Processing file /opt/airflow/dags/waste_etl_dag.py for tasks to queue
[2025-11-30T15:41:37.667+0000] {logging_mixin.py:188} INFO - [2025-11-30T15:41:37.666+0000] {dagbag.py:545} INFO - Filling up the DagBag from /opt/airflow/dags/waste_etl_dag.py
[2025-11-30T15:41:37.689+0000] {processor.py:840} INFO - DAG(s) 'climate_etl' retrieved from /opt/airflow/dags/waste_etl_dag.py
[2025-11-30T15:41:37.738+0000] {logging_mixin.py:188} INFO - [2025-11-30T15:41:37.737+0000] {dag.py:3096} INFO - Sync 1 DAGs
[2025-11-30T15:41:37.761+0000] {logging_mixin.py:188} INFO - [2025-11-30T15:41:37.761+0000] {dag.py:3954} INFO - Setting next_dagrun for climate_etl to 2025-11-29 00:00:00+00:00, run_after=2025-11-30 00:00:00+00:00
[2025-11-30T15:41:37.902+0000] {processor.py:183} INFO - Processing /opt/airflow/dags/waste_etl_dag.py took 0.246 seconds
