[2025-12-04T12:28:23.727+0000] {local_task_job_runner.py:120} INFO - ::group::Pre task execution logs
[2025-12-04T12:28:23.746+0000] {taskinstance.py:2076} INFO - Dependencies all met for dep_context=non-requeueable deps ti=<TaskInstance: climate_etl.run_etl_scripts manual__2025-12-04T12:28:20.447288+00:00 [queued]>
[2025-12-04T12:28:23.750+0000] {taskinstance.py:2076} INFO - Dependencies all met for dep_context=requeueable deps ti=<TaskInstance: climate_etl.run_etl_scripts manual__2025-12-04T12:28:20.447288+00:00 [queued]>
[2025-12-04T12:28:23.750+0000] {taskinstance.py:2306} INFO - Starting attempt 1 of 1
[2025-12-04T12:28:23.765+0000] {taskinstance.py:2330} INFO - Executing <Task(BashOperator): run_etl_scripts> on 2025-12-04 12:28:20.447288+00:00
[2025-12-04T12:28:23.768+0000] {standard_task_runner.py:63} INFO - Started process 42 to run task
[2025-12-04T12:28:23.772+0000] {standard_task_runner.py:90} INFO - Running: ['airflow', 'tasks', 'run', 'climate_etl', 'run_etl_scripts', 'manual__2025-12-04T12:28:20.447288+00:00', '--job-id', '9', '--raw', '--subdir', 'DAGS_FOLDER/waste_etl_dag.py', '--cfg-path', '/tmp/tmptmtpode0']
[2025-12-04T12:28:23.773+0000] {standard_task_runner.py:91} INFO - Job 9: Subtask run_etl_scripts
[2025-12-04T12:28:23.808+0000] {task_command.py:426} INFO - Running <TaskInstance: climate_etl.run_etl_scripts manual__2025-12-04T12:28:20.447288+00:00 [running]> on host 83bd55c1ad77
[2025-12-04T12:28:23.869+0000] {taskinstance.py:2648} INFO - Exporting env vars: AIRFLOW_CTX_DAG_OWNER='adn' AIRFLOW_CTX_DAG_ID='climate_etl' AIRFLOW_CTX_TASK_ID='run_etl_scripts' AIRFLOW_CTX_EXECUTION_DATE='2025-12-04T12:28:20.447288+00:00' AIRFLOW_CTX_TRY_NUMBER='1' AIRFLOW_CTX_DAG_RUN_ID='manual__2025-12-04T12:28:20.447288+00:00'
[2025-12-04T12:28:23.869+0000] {taskinstance.py:430} INFO - ::endgroup::
[2025-12-04T12:28:23.892+0000] {subprocess.py:63} INFO - Tmp dir root location: /tmp
[2025-12-04T12:28:23.892+0000] {subprocess.py:75} INFO - Running command: ['/usr/bin/bash', '-c', 'python src/etl_pipeline.py']
[2025-12-04T12:28:23.899+0000] {subprocess.py:86} INFO - Output:
[2025-12-04T12:28:25.210+0000] {subprocess.py:93} INFO - Traceback (most recent call last):
[2025-12-04T12:28:25.211+0000] {subprocess.py:93} INFO -   File "/app/src/etl_pipeline.py", line 7, in <module>
[2025-12-04T12:28:25.212+0000] {subprocess.py:93} INFO -     from src.agregasi import process_waste_data
[2025-12-04T12:28:25.212+0000] {subprocess.py:93} INFO - ModuleNotFoundError: No module named 'src'
[2025-12-04T12:28:25.274+0000] {subprocess.py:97} INFO - Command exited with return code 1
[2025-12-04T12:28:25.274+0000] {taskinstance.py:441} INFO - ::group::Post task execution logs
[2025-12-04T12:28:25.280+0000] {taskinstance.py:2905} ERROR - Task failed with exception
Traceback (most recent call last):
  File "/home/airflow/.local/lib/python3.10/site-packages/airflow/models/taskinstance.py", line 465, in _execute_task
    result = _execute_callable(context=context, **execute_callable_kwargs)
  File "/home/airflow/.local/lib/python3.10/site-packages/airflow/models/taskinstance.py", line 432, in _execute_callable
    return execute_callable(context=context, **execute_callable_kwargs)
  File "/home/airflow/.local/lib/python3.10/site-packages/airflow/models/baseoperator.py", line 401, in wrapper
    return func(self, *args, **kwargs)
  File "/home/airflow/.local/lib/python3.10/site-packages/airflow/operators/bash.py", line 243, in execute
    raise AirflowException(
airflow.exceptions.AirflowException: Bash command failed. The command returned a non-zero exit code 1.
[2025-12-04T12:28:25.282+0000] {taskinstance.py:1206} INFO - Marking task as FAILED. dag_id=climate_etl, task_id=run_etl_scripts, run_id=manual__2025-12-04T12:28:20.447288+00:00, execution_date=20251204T122820, start_date=20251204T122823, end_date=20251204T122825
[2025-12-04T12:28:25.297+0000] {standard_task_runner.py:110} ERROR - Failed to execute job 9 for task run_etl_scripts (Bash command failed. The command returned a non-zero exit code 1.; 42)
[2025-12-04T12:28:25.311+0000] {local_task_job_runner.py:240} INFO - Task exited with return code 1
[2025-12-04T12:28:25.321+0000] {taskinstance.py:3503} INFO - 0 downstream tasks scheduled from follow-on schedule check
[2025-12-04T12:28:25.322+0000] {local_task_job_runner.py:222} INFO - ::endgroup::
